{"/Users/rithvick/Desktop/stitch_greenpulse_smart_city_dashboard/src/App.tsx": {"path":"/Users/rithvick/Desktop/stitch_greenpulse_smart_city_dashboard/src/App.tsx","all":true,"statementMap":{"1":{"start":{"line":2,"column":0},"end":{"line":2,"column":77}},"2":{"start":{"line":3,"column":0},"end":{"line":3,"column":52}},"3":{"start":{"line":4,"column":0},"end":{"line":4,"column":54}},"4":{"start":{"line":5,"column":0},"end":{"line":5,"column":52}},"5":{"start":{"line":6,"column":0},"end":{"line":6,"column":73}},"6":{"start":{"line":7,"column":0},"end":{"line":7,"column":75}},"7":{"start":{"line":8,"column":0},"end":{"line":8,"column":67}},"8":{"start":{"line":9,"column":0},"end":{"line":9,"column":75}},"9":{"start":{"line":10,"column":0},"end":{"line":10,"column":71}},"10":{"start":{"line":11,"column":0},"end":{"line":11,"column":85}},"12":{"start":{"line":13,"column":0},"end":{"line":13,"column":42}},"13":{"start":{"line":14,"column":0},"end":{"line":14,"column":39}},"15":{"start":{"line":16,"column":0},"end":{"line":16,"column":10}},"16":{"start":{"line":17,"column":0},"end":{"line":17,"column":75}},"17":{"start":{"line":18,"column":0},"end":{"line":18,"column":57}},"18":{"start":{"line":19,"column":0},"end":{"line":19,"column":57}},"19":{"start":{"line":20,"column":0},"end":{"line":20,"column":52}},"20":{"start":{"line":21,"column":0},"end":{"line":21,"column":64}},"21":{"start":{"line":22,"column":0},"end":{"line":22,"column":61}},"22":{"start":{"line":23,"column":0},"end":{"line":23,"column":65}},"23":{"start":{"line":24,"column":0},"end":{"line":24,"column":11}},"25":{"start":{"line":26,"column":0},"end":{"line":26,"column":2}},"27":{"start":{"line":28,"column":0},"end":{"line":28,"column":36}},"28":{"start":{"line":29,"column":0},"end":{"line":29,"column":10}},"29":{"start":{"line":30,"column":0},"end":{"line":30,"column":23}},"30":{"start":{"line":31,"column":0},"end":{"line":31,"column":137}},"31":{"start":{"line":32,"column":0},"end":{"line":32,"column":18}},"32":{"start":{"line":33,"column":0},"end":{"line":33,"column":53}},"33":{"start":{"line":34,"column":0},"end":{"line":34,"column":21}},"34":{"start":{"line":35,"column":0},"end":{"line":35,"column":30}},"35":{"start":{"line":36,"column":0},"end":{"line":36,"column":14}},"36":{"start":{"line":37,"column":0},"end":{"line":37,"column":18}},"37":{"start":{"line":38,"column":0},"end":{"line":38,"column":12}},"38":{"start":{"line":39,"column":0},"end":{"line":39,"column":24}},"40":{"start":{"line":41,"column":0},"end":{"line":41,"column":2}},"42":{"start":{"line":43,"column":0},"end":{"line":43,"column":19}}},"s":{"1":0,"2":0,"3":0,"4":0,"5":0,"6":0,"7":0,"8":0,"9":0,"10":0,"12":0,"13":0,"15":0,"16":0,"17":0,"18":0,"19":0,"20":0,"21":0,"22":0,"23":0,"25":0,"27":0,"28":0,"29":0,"30":0,"31":0,"32":0,"33":0,"34":0,"35":0,"36":0,"37":0,"38":0,"40":0,"42":0},"branchMap":{"0":{"type":"branch","line":1,"loc":{"start":{"line":1,"column":1709},"end":{"line":43,"column":19}},"locations":[{"start":{"line":1,"column":1709},"end":{"line":43,"column":19}}]}},"b":{"0":[1]},"fnMap":{"0":{"name":"(empty-report)","decl":{"start":{"line":1,"column":1709},"end":{"line":43,"column":19}},"loc":{"start":{"line":1,"column":1709},"end":{"line":43,"column":19}},"line":1}},"f":{"0":1}}
,"/Users/rithvick/Desktop/stitch_greenpulse_smart_city_dashboard/src/components/layout/Footer.tsx": {"path":"/Users/rithvick/Desktop/stitch_greenpulse_smart_city_dashboard/src/components/layout/Footer.tsx","all":true,"statementMap":{"1":{"start":{"line":2,"column":0},"end":{"line":2,"column":62}},"2":{"start":{"line":3,"column":0},"end":{"line":3,"column":72}},"4":{"start":{"line":5,"column":0},"end":{"line":5,"column":39}},"5":{"start":{"line":6,"column":0},"end":{"line":6,"column":45}},"7":{"start":{"line":8,"column":0},"end":{"line":8,"column":10}},"8":{"start":{"line":9,"column":0},"end":{"line":9,"column":178}},"9":{"start":{"line":10,"column":0},"end":{"line":10,"column":51}},"10":{"start":{"line":11,"column":0},"end":{"line":11,"column":72}},"11":{"start":{"line":12,"column":0},"end":{"line":12,"column":49}},"12":{"start":{"line":13,"column":0},"end":{"line":13,"column":89}},"13":{"start":{"line":14,"column":0},"end":{"line":14,"column":14}},"15":{"start":{"line":16,"column":0},"end":{"line":16,"column":78}},"16":{"start":{"line":17,"column":0},"end":{"line":17,"column":54}},"17":{"start":{"line":18,"column":0},"end":{"line":18,"column":76}},"18":{"start":{"line":19,"column":0},"end":{"line":19,"column":14}},"20":{"start":{"line":21,"column":0},"end":{"line":21,"column":78}},"21":{"start":{"line":22,"column":0},"end":{"line":22,"column":62}},"22":{"start":{"line":23,"column":0},"end":{"line":23,"column":84}},"23":{"start":{"line":24,"column":0},"end":{"line":24,"column":14}},"25":{"start":{"line":26,"column":0},"end":{"line":26,"column":78}},"26":{"start":{"line":27,"column":0},"end":{"line":27,"column":55}},"27":{"start":{"line":28,"column":0},"end":{"line":28,"column":87}},"28":{"start":{"line":29,"column":0},"end":{"line":29,"column":14}},"29":{"start":{"line":30,"column":0},"end":{"line":30,"column":12}},"31":{"start":{"line":32,"column":0},"end":{"line":32,"column":51}},"32":{"start":{"line":33,"column":0},"end":{"line":33,"column":66}},"33":{"start":{"line":34,"column":0},"end":{"line":34,"column":43}},"34":{"start":{"line":35,"column":0},"end":{"line":35,"column":95}},"35":{"start":{"line":36,"column":0},"end":{"line":36,"column":14}},"36":{"start":{"line":37,"column":0},"end":{"line":37,"column":55}},"37":{"start":{"line":38,"column":0},"end":{"line":38,"column":60}},"39":{"start":{"line":40,"column":0},"end":{"line":40,"column":14}},"40":{"start":{"line":41,"column":0},"end":{"line":41,"column":12}},"41":{"start":{"line":42,"column":0},"end":{"line":42,"column":13}},"43":{"start":{"line":44,"column":0},"end":{"line":44,"column":2}}},"s":{"1":0,"2":0,"4":0,"5":0,"7":0,"8":0,"9":0,"10":0,"11":0,"12":0,"13":0,"15":0,"16":0,"17":0,"18":0,"20":0,"21":0,"22":0,"23":0,"25":0,"26":0,"27":0,"28":0,"29":0,"31":0,"32":0,"33":0,"34":0,"35":0,"36":0,"37":0,"39":0,"40":0,"41":0,"43":0},"branchMap":{"0":{"type":"branch","line":1,"loc":{"start":{"line":1,"column":1941},"end":{"line":44,"column":2}},"locations":[{"start":{"line":1,"column":1941},"end":{"line":44,"column":2}}]}},"b":{"0":[1]},"fnMap":{"0":{"name":"(empty-report)","decl":{"start":{"line":1,"column":1941},"end":{"line":44,"column":2}},"loc":{"start":{"line":1,"column":1941},"end":{"line":44,"column":2}},"line":1}},"f":{"0":1}}
,"/Users/rithvick/Desktop/stitch_greenpulse_smart_city_dashboard/src/components/layout/Header.tsx": {"path":"/Users/rithvick/Desktop/stitch_greenpulse_smart_city_dashboard/src/components/layout/Header.tsx","all":false,"statementMap":{"0":{"start":{"line":1,"column":0},"end":{"line":1,"column":51}},"1":{"start":{"line":2,"column":0},"end":{"line":2,"column":62}},"2":{"start":{"line":3,"column":0},"end":{"line":3,"column":9}},"13":{"start":{"line":14,"column":0},"end":{"line":14,"column":39}},"14":{"start":{"line":15,"column":0},"end":{"line":15,"column":10}},"15":{"start":{"line":16,"column":0},"end":{"line":16,"column":15}},"16":{"start":{"line":17,"column":0},"end":{"line":17,"column":17}},"17":{"start":{"line":18,"column":0},"end":{"line":18,"column":29}},"18":{"start":{"line":19,"column":0},"end":{"line":19,"column":28}},"19":{"start":{"line":20,"column":0},"end":{"line":20,"column":20}},"20":{"start":{"line":21,"column":0},"end":{"line":21,"column":16}},"21":{"start":{"line":22,"column":0},"end":{"line":22,"column":19}},"22":{"start":{"line":23,"column":0},"end":{"line":23,"column":16}},"23":{"start":{"line":24,"column":0},"end":{"line":24,"column":21}},"25":{"start":{"line":26,"column":0},"end":{"line":26,"column":45}},"27":{"start":{"line":28,"column":0},"end":{"line":28,"column":19}},"28":{"start":{"line":29,"column":0},"end":{"line":29,"column":30}},"29":{"start":{"line":30,"column":0},"end":{"line":30,"column":29}},"30":{"start":{"line":31,"column":0},"end":{"line":31,"column":58}},"31":{"start":{"line":32,"column":0},"end":{"line":32,"column":6}},"32":{"start":{"line":33,"column":0},"end":{"line":33,"column":17}},"33":{"start":{"line":34,"column":0},"end":{"line":34,"column":51}},"34":{"start":{"line":35,"column":0},"end":{"line":35,"column":41}},"35":{"start":{"line":36,"column":0},"end":{"line":36,"column":9}},"37":{"start":{"line":38,"column":0},"end":{"line":38,"column":82}},"39":{"start":{"line":40,"column":0},"end":{"line":40,"column":10}},"40":{"start":{"line":41,"column":0},"end":{"line":41,"column":149}},"42":{"start":{"line":43,"column":0},"end":{"line":43,"column":51}},"43":{"start":{"line":44,"column":0},"end":{"line":44,"column":113}},"44":{"start":{"line":45,"column":0},"end":{"line":45,"column":55}},"45":{"start":{"line":46,"column":0},"end":{"line":46,"column":36}},"46":{"start":{"line":47,"column":0},"end":{"line":47,"column":57}},"47":{"start":{"line":48,"column":0},"end":{"line":48,"column":79}},"48":{"start":{"line":49,"column":0},"end":{"line":49,"column":14}},"50":{"start":{"line":51,"column":0},"end":{"line":51,"column":157}},"51":{"start":{"line":52,"column":0},"end":{"line":52,"column":138}},"52":{"start":{"line":53,"column":0},"end":{"line":53,"column":64}},"53":{"start":{"line":54,"column":0},"end":{"line":54,"column":87}},"54":{"start":{"line":55,"column":0},"end":{"line":55,"column":17}},"55":{"start":{"line":56,"column":0},"end":{"line":56,"column":54}},"56":{"start":{"line":57,"column":0},"end":{"line":57,"column":83}},"57":{"start":{"line":58,"column":0},"end":{"line":58,"column":14}},"58":{"start":{"line":59,"column":0},"end":{"line":59,"column":12}},"61":{"start":{"line":62,"column":0},"end":{"line":62,"column":72}},"62":{"start":{"line":63,"column":0},"end":{"line":63,"column":41}},"63":{"start":{"line":64,"column":0},"end":{"line":64,"column":94}},"64":{"start":{"line":65,"column":0},"end":{"line":65,"column":16}},"65":{"start":{"line":66,"column":0},"end":{"line":66,"column":23}},"66":{"start":{"line":67,"column":0},"end":{"line":67,"column":31}},"67":{"start":{"line":68,"column":0},"end":{"line":68,"column":60}},"68":{"start":{"line":69,"column":0},"end":{"line":69,"column":66}},"69":{"start":{"line":70,"column":0},"end":{"line":70,"column":230}},"70":{"start":{"line":71,"column":0},"end":{"line":71,"column":12}},"71":{"start":{"line":72,"column":0},"end":{"line":72,"column":162}},"72":{"start":{"line":73,"column":0},"end":{"line":73,"column":14}},"73":{"start":{"line":74,"column":0},"end":{"line":74,"column":12}},"76":{"start":{"line":77,"column":0},"end":{"line":77,"column":51}},"77":{"start":{"line":78,"column":0},"end":{"line":78,"column":94}},"78":{"start":{"line":79,"column":0},"end":{"line":79,"column":109}},"79":{"start":{"line":80,"column":0},"end":{"line":80,"column":93}},"80":{"start":{"line":81,"column":0},"end":{"line":81,"column":14}},"83":{"start":{"line":84,"column":0},"end":{"line":84,"column":34}},"84":{"start":{"line":85,"column":0},"end":{"line":85,"column":168}},"85":{"start":{"line":86,"column":0},"end":{"line":86,"column":40}},"86":{"start":{"line":87,"column":0},"end":{"line":87,"column":38}},"87":{"start":{"line":88,"column":0},"end":{"line":88,"column":156}},"88":{"start":{"line":89,"column":0},"end":{"line":89,"column":34}},"89":{"start":{"line":90,"column":0},"end":{"line":90,"column":21}},"91":{"start":{"line":92,"column":0},"end":{"line":92,"column":19}},"92":{"start":{"line":93,"column":0},"end":{"line":93,"column":14}},"95":{"start":{"line":96,"column":0},"end":{"line":96,"column":15}},"96":{"start":{"line":97,"column":0},"end":{"line":97,"column":31}},"97":{"start":{"line":98,"column":0},"end":{"line":98,"column":114}},"98":{"start":{"line":99,"column":0},"end":{"line":99,"column":216}},"100":{"start":{"line":101,"column":0},"end":{"line":101,"column":35}},"101":{"start":{"line":102,"column":0},"end":{"line":102,"column":14}},"102":{"start":{"line":103,"column":0},"end":{"line":103,"column":60}},"103":{"start":{"line":104,"column":0},"end":{"line":104,"column":78}},"104":{"start":{"line":105,"column":0},"end":{"line":105,"column":15}},"106":{"start":{"line":107,"column":0},"end":{"line":107,"column":14}},"107":{"start":{"line":108,"column":0},"end":{"line":108,"column":62}},"108":{"start":{"line":109,"column":0},"end":{"line":109,"column":78}},"109":{"start":{"line":110,"column":0},"end":{"line":110,"column":15}},"111":{"start":{"line":112,"column":0},"end":{"line":112,"column":17}},"114":{"start":{"line":115,"column":0},"end":{"line":115,"column":15}},"115":{"start":{"line":116,"column":0},"end":{"line":116,"column":43}},"116":{"start":{"line":117,"column":0},"end":{"line":117,"column":131}},"117":{"start":{"line":118,"column":0},"end":{"line":118,"column":35}},"118":{"start":{"line":119,"column":0},"end":{"line":119,"column":96}},"119":{"start":{"line":120,"column":0},"end":{"line":120,"column":98}},"120":{"start":{"line":121,"column":0},"end":{"line":121,"column":13}},"122":{"start":{"line":123,"column":0},"end":{"line":123,"column":39}},"123":{"start":{"line":124,"column":0},"end":{"line":124,"column":45}},"124":{"start":{"line":125,"column":0},"end":{"line":125,"column":76}},"125":{"start":{"line":126,"column":0},"end":{"line":126,"column":17}},"126":{"start":{"line":127,"column":0},"end":{"line":127,"column":17}},"129":{"start":{"line":130,"column":0},"end":{"line":130,"column":100}},"130":{"start":{"line":131,"column":0},"end":{"line":131,"column":150}},"132":{"start":{"line":133,"column":0},"end":{"line":133,"column":16}},"133":{"start":{"line":134,"column":0},"end":{"line":134,"column":63}},"134":{"start":{"line":135,"column":0},"end":{"line":135,"column":77}},"135":{"start":{"line":136,"column":0},"end":{"line":136,"column":63}},"136":{"start":{"line":137,"column":0},"end":{"line":137,"column":16}},"137":{"start":{"line":138,"column":0},"end":{"line":138,"column":14}},"138":{"start":{"line":139,"column":0},"end":{"line":139,"column":12}},"139":{"start":{"line":140,"column":0},"end":{"line":140,"column":13}},"141":{"start":{"line":142,"column":0},"end":{"line":142,"column":2}}},"s":{"0":1,"1":1,"2":1,"13":1,"14":8,"15":8,"16":8,"17":8,"18":8,"19":8,"20":8,"21":8,"22":8,"23":8,"25":8,"27":8,"28":3,"29":3,"30":3,"31":3,"32":3,"33":3,"34":3,"35":8,"37":8,"39":8,"40":8,"42":8,"43":8,"44":8,"45":8,"46":8,"47":8,"48":8,"50":8,"51":8,"52":8,"53":8,"54":8,"55":8,"56":8,"57":8,"58":8,"61":8,"62":8,"63":8,"64":8,"65":8,"66":8,"67":8,"68":8,"69":8,"70":8,"71":8,"72":8,"73":8,"76":8,"77":8,"78":8,"79":8,"80":8,"83":8,"84":8,"85":8,"86":8,"87":8,"88":8,"89":8,"91":8,"92":8,"95":8,"96":8,"97":8,"98":8,"100":8,"101":7,"102":7,"103":7,"104":7,"106":1,"107":1,"108":1,"109":1,"111":8,"114":8,"115":8,"116":8,"117":8,"118":1,"119":7,"120":8,"122":8,"123":8,"124":8,"125":8,"126":8,"129":8,"130":8,"132":8,"133":8,"134":8,"135":8,"136":8,"137":8,"138":8,"139":8,"141":8},"branchMap":{"0":{"type":"branch","line":14,"loc":{"start":{"line":14,"column":32},"end":{"line":142,"column":2}},"locations":[{"start":{"line":14,"column":32},"end":{"line":142,"column":2}}]},"1":{"type":"branch","line":52,"loc":{"start":{"line":52,"column":51},"end":{"line":52,"column":105}},"locations":[{"start":{"line":52,"column":51},"end":{"line":52,"column":105}}]},"2":{"type":"branch","line":52,"loc":{"start":{"line":52,"column":77},"end":{"line":52,"column":132}},"locations":[{"start":{"line":52,"column":77},"end":{"line":52,"column":132}}]},"3":{"type":"branch","line":54,"loc":{"start":{"line":54,"column":13},"end":{"line":54,"column":69}},"locations":[{"start":{"line":54,"column":13},"end":{"line":54,"column":69}}]},"4":{"type":"branch","line":54,"loc":{"start":{"line":54,"column":39},"end":{"line":54,"column":87}},"locations":[{"start":{"line":54,"column":39},"end":{"line":54,"column":87}}]},"5":{"type":"branch","line":80,"loc":{"start":{"line":80,"column":61},"end":{"line":80,"column":87}},"locations":[{"start":{"line":80,"column":61},"end":{"line":80,"column":87}}]},"6":{"type":"branch","line":98,"loc":{"start":{"line":98,"column":44},"end":{"line":98,"column":86}},"locations":[{"start":{"line":98,"column":44},"end":{"line":98,"column":86}}]},"7":{"type":"branch","line":98,"loc":{"start":{"line":98,"column":53},"end":{"line":98,"column":111}},"locations":[{"start":{"line":98,"column":53},"end":{"line":98,"column":111}}]},"8":{"type":"branch","line":101,"loc":{"start":{"line":101,"column":25},"end":{"line":105,"column":15}},"locations":[{"start":{"line":101,"column":25},"end":{"line":105,"column":15}}]},"9":{"type":"branch","line":105,"loc":{"start":{"line":105,"column":12},"end":{"line":110,"column":15}},"locations":[{"start":{"line":105,"column":12},"end":{"line":110,"column":15}}]},"10":{"type":"branch","line":118,"loc":{"start":{"line":118,"column":12},"end":{"line":119,"column":96}},"locations":[{"start":{"line":118,"column":12},"end":{"line":119,"column":96}}]},"11":{"type":"branch","line":119,"loc":{"start":{"line":119,"column":16},"end":{"line":120,"column":98}},"locations":[{"start":{"line":119,"column":16},"end":{"line":120,"column":98}}]},"12":{"type":"branch","line":125,"loc":{"start":{"line":125,"column":13},"end":{"line":125,"column":55}},"locations":[{"start":{"line":125,"column":13},"end":{"line":125,"column":55}}]},"13":{"type":"branch","line":125,"loc":{"start":{"line":125,"column":39},"end":{"line":125,"column":76}},"locations":[{"start":{"line":125,"column":39},"end":{"line":125,"column":76}}]},"14":{"type":"branch","line":28,"loc":{"start":{"line":28,"column":12},"end":{"line":36,"column":5}},"locations":[{"start":{"line":28,"column":12},"end":{"line":36,"column":5}}]},"15":{"type":"branch","line":29,"loc":{"start":{"line":29,"column":23},"end":{"line":32,"column":6}},"locations":[{"start":{"line":29,"column":23},"end":{"line":32,"column":6}}]},"16":{"type":"branch","line":35,"loc":{"start":{"line":35,"column":11},"end":{"line":35,"column":41}},"locations":[{"start":{"line":35,"column":11},"end":{"line":35,"column":41}}]},"17":{"type":"branch","line":38,"loc":{"start":{"line":38,"column":47},"end":{"line":38,"column":73}},"locations":[{"start":{"line":38,"column":47},"end":{"line":38,"column":73}}]}},"b":{"0":[8],"1":[1],"2":[7],"3":[1],"4":[7],"5":[3],"6":[7],"7":[1],"8":[7],"9":[1],"10":[1],"11":[7],"12":[1],"13":[7],"14":[3],"15":[3],"16":[3],"17":[16]},"fnMap":{"0":{"name":"Header","decl":{"start":{"line":14,"column":32},"end":{"line":142,"column":2}},"loc":{"start":{"line":14,"column":32},"end":{"line":142,"column":2}},"line":14},"1":{"name":"updateTime","decl":{"start":{"line":29,"column":23},"end":{"line":32,"column":6}},"loc":{"start":{"line":29,"column":23},"end":{"line":32,"column":6}},"line":29},"2":{"name":"onChange","decl":{"start":{"line":68,"column":22},"end":{"line":68,"column":60}},"loc":{"start":{"line":68,"column":22},"end":{"line":68,"column":60}},"line":68}},"f":{"0":8,"1":3,"2":0}}
,"/Users/rithvick/Desktop/stitch_greenpulse_smart_city_dashboard/src/components/layout/Sidebar.tsx": {"path":"/Users/rithvick/Desktop/stitch_greenpulse_smart_city_dashboard/src/components/layout/Sidebar.tsx","all":false,"statementMap":{"1":{"start":{"line":2,"column":0},"end":{"line":2,"column":62}},"3":{"start":{"line":4,"column":0},"end":{"line":4,"column":9}},"25":{"start":{"line":26,"column":0},"end":{"line":26,"column":40}},"26":{"start":{"line":27,"column":0},"end":{"line":27,"column":92}},"28":{"start":{"line":29,"column":0},"end":{"line":29,"column":110}},"30":{"start":{"line":31,"column":0},"end":{"line":31,"column":31}},"31":{"start":{"line":32,"column":0},"end":{"line":32,"column":5}},"32":{"start":{"line":33,"column":0},"end":{"line":33,"column":21}},"33":{"start":{"line":34,"column":0},"end":{"line":34,"column":35}},"34":{"start":{"line":35,"column":0},"end":{"line":35,"column":43}},"35":{"start":{"line":36,"column":0},"end":{"line":36,"column":52}},"36":{"start":{"line":37,"column":0},"end":{"line":37,"column":6}},"37":{"start":{"line":38,"column":0},"end":{"line":38,"column":5}},"38":{"start":{"line":39,"column":0},"end":{"line":39,"column":20}},"39":{"start":{"line":40,"column":0},"end":{"line":40,"column":31}},"40":{"start":{"line":41,"column":0},"end":{"line":41,"column":48}},"41":{"start":{"line":42,"column":0},"end":{"line":42,"column":40}},"42":{"start":{"line":43,"column":0},"end":{"line":43,"column":6}},"43":{"start":{"line":44,"column":0},"end":{"line":44,"column":5}},"44":{"start":{"line":45,"column":0},"end":{"line":45,"column":19}},"45":{"start":{"line":46,"column":0},"end":{"line":46,"column":33}},"46":{"start":{"line":47,"column":0},"end":{"line":47,"column":45}},"47":{"start":{"line":48,"column":0},"end":{"line":48,"column":40}},"48":{"start":{"line":49,"column":0},"end":{"line":49,"column":6}},"49":{"start":{"line":50,"column":0},"end":{"line":50,"column":5}},"50":{"start":{"line":51,"column":0},"end":{"line":51,"column":27}},"51":{"start":{"line":52,"column":0},"end":{"line":52,"column":30}},"52":{"start":{"line":53,"column":0},"end":{"line":53,"column":45}},"53":{"start":{"line":54,"column":0},"end":{"line":54,"column":46}},"54":{"start":{"line":55,"column":0},"end":{"line":55,"column":6}},"55":{"start":{"line":56,"column":0},"end":{"line":56,"column":5}},"56":{"start":{"line":57,"column":0},"end":{"line":57,"column":26}},"57":{"start":{"line":58,"column":0},"end":{"line":58,"column":29}},"58":{"start":{"line":59,"column":0},"end":{"line":59,"column":42}},"59":{"start":{"line":60,"column":0},"end":{"line":60,"column":48}},"60":{"start":{"line":61,"column":0},"end":{"line":61,"column":81}},"61":{"start":{"line":62,"column":0},"end":{"line":62,"column":6}},"62":{"start":{"line":63,"column":0},"end":{"line":63,"column":5}},"63":{"start":{"line":64,"column":0},"end":{"line":64,"column":23}},"64":{"start":{"line":65,"column":0},"end":{"line":65,"column":36}},"65":{"start":{"line":66,"column":0},"end":{"line":66,"column":43}},"66":{"start":{"line":67,"column":0},"end":{"line":67,"column":40}},"67":{"start":{"line":68,"column":0},"end":{"line":68,"column":6}},"68":{"start":{"line":69,"column":0},"end":{"line":69,"column":4}},"70":{"start":{"line":71,"column":0},"end":{"line":71,"column":10}},"71":{"start":{"line":72,"column":0},"end":{"line":72,"column":183}},"73":{"start":{"line":74,"column":0},"end":{"line":74,"column":84}},"74":{"start":{"line":75,"column":0},"end":{"line":75,"column":53}},"75":{"start":{"line":76,"column":0},"end":{"line":76,"column":174}},"77":{"start":{"line":78,"column":0},"end":{"line":78,"column":16}},"78":{"start":{"line":79,"column":0},"end":{"line":79,"column":15}},"79":{"start":{"line":80,"column":0},"end":{"line":80,"column":87}},"80":{"start":{"line":81,"column":0},"end":{"line":81,"column":76}},"81":{"start":{"line":82,"column":0},"end":{"line":82,"column":17}},"82":{"start":{"line":83,"column":0},"end":{"line":83,"column":87}},"84":{"start":{"line":85,"column":0},"end":{"line":85,"column":16}},"85":{"start":{"line":86,"column":0},"end":{"line":86,"column":16}},"86":{"start":{"line":87,"column":0},"end":{"line":87,"column":14}},"87":{"start":{"line":88,"column":0},"end":{"line":88,"column":12}},"90":{"start":{"line":91,"column":0},"end":{"line":91,"column":62}},"91":{"start":{"line":92,"column":0},"end":{"line":92,"column":96}},"93":{"start":{"line":94,"column":0},"end":{"line":94,"column":14}},"95":{"start":{"line":96,"column":0},"end":{"line":96,"column":33}},"96":{"start":{"line":97,"column":0},"end":{"line":97,"column":49}},"97":{"start":{"line":98,"column":0},"end":{"line":98,"column":18}},"98":{"start":{"line":99,"column":0},"end":{"line":99,"column":19}},"99":{"start":{"line":100,"column":0},"end":{"line":100,"column":27}},"100":{"start":{"line":101,"column":0},"end":{"line":101,"column":51}},"101":{"start":{"line":102,"column":0},"end":{"line":102,"column":110}},"102":{"start":{"line":103,"column":0},"end":{"line":103,"column":24}},"103":{"start":{"line":104,"column":0},"end":{"line":104,"column":85}},"104":{"start":{"line":105,"column":0},"end":{"line":105,"column":131}},"105":{"start":{"line":106,"column":0},"end":{"line":106,"column":17}},"107":{"start":{"line":108,"column":0},"end":{"line":108,"column":86}},"108":{"start":{"line":109,"column":0},"end":{"line":109,"column":27}},"109":{"start":{"line":110,"column":0},"end":{"line":110,"column":20}},"110":{"start":{"line":111,"column":0},"end":{"line":111,"column":46}},"111":{"start":{"line":112,"column":0},"end":{"line":112,"column":67}},"112":{"start":{"line":113,"column":0},"end":{"line":113,"column":128}},"113":{"start":{"line":114,"column":0},"end":{"line":114,"column":32}},"114":{"start":{"line":115,"column":0},"end":{"line":115,"column":25}},"115":{"start":{"line":116,"column":0},"end":{"line":116,"column":34}},"116":{"start":{"line":117,"column":0},"end":{"line":117,"column":119}},"117":{"start":{"line":118,"column":0},"end":{"line":118,"column":34}},"118":{"start":{"line":119,"column":0},"end":{"line":119,"column":27}},"120":{"start":{"line":121,"column":0},"end":{"line":121,"column":22}},"121":{"start":{"line":122,"column":0},"end":{"line":122,"column":88}},"122":{"start":{"line":123,"column":0},"end":{"line":123,"column":20}},"123":{"start":{"line":124,"column":0},"end":{"line":124,"column":21}},"125":{"start":{"line":126,"column":0},"end":{"line":126,"column":11}},"128":{"start":{"line":129,"column":0},"end":{"line":129,"column":101}},"130":{"start":{"line":131,"column":0},"end":{"line":131,"column":14}},"132":{"start":{"line":133,"column":0},"end":{"line":133,"column":35}},"133":{"start":{"line":134,"column":0},"end":{"line":134,"column":151}},"134":{"start":{"line":135,"column":0},"end":{"line":135,"column":58}},"135":{"start":{"line":136,"column":0},"end":{"line":136,"column":67}},"136":{"start":{"line":137,"column":0},"end":{"line":137,"column":39}},"137":{"start":{"line":138,"column":0},"end":{"line":138,"column":19}},"138":{"start":{"line":139,"column":0},"end":{"line":139,"column":65}},"139":{"start":{"line":140,"column":0},"end":{"line":140,"column":16}},"141":{"start":{"line":142,"column":0},"end":{"line":142,"column":151}},"142":{"start":{"line":143,"column":0},"end":{"line":143,"column":58}},"143":{"start":{"line":144,"column":0},"end":{"line":144,"column":65}},"144":{"start":{"line":145,"column":0},"end":{"line":145,"column":38}},"145":{"start":{"line":146,"column":0},"end":{"line":146,"column":19}},"146":{"start":{"line":147,"column":0},"end":{"line":147,"column":75}},"147":{"start":{"line":148,"column":0},"end":{"line":148,"column":16}},"149":{"start":{"line":150,"column":0},"end":{"line":150,"column":151}},"150":{"start":{"line":151,"column":0},"end":{"line":151,"column":58}},"151":{"start":{"line":152,"column":0},"end":{"line":152,"column":60}},"152":{"start":{"line":153,"column":0},"end":{"line":153,"column":39}},"153":{"start":{"line":154,"column":0},"end":{"line":154,"column":19}},"154":{"start":{"line":155,"column":0},"end":{"line":155,"column":73}},"155":{"start":{"line":156,"column":0},"end":{"line":156,"column":16}},"156":{"start":{"line":157,"column":0},"end":{"line":157,"column":14}},"157":{"start":{"line":158,"column":0},"end":{"line":158,"column":12}},"160":{"start":{"line":161,"column":0},"end":{"line":161,"column":102}},"161":{"start":{"line":162,"column":0},"end":{"line":162,"column":64}},"162":{"start":{"line":163,"column":0},"end":{"line":163,"column":88}},"163":{"start":{"line":164,"column":0},"end":{"line":164,"column":90}},"164":{"start":{"line":165,"column":0},"end":{"line":165,"column":14}},"165":{"start":{"line":166,"column":0},"end":{"line":166,"column":83}},"166":{"start":{"line":167,"column":0},"end":{"line":167,"column":55}},"167":{"start":{"line":168,"column":0},"end":{"line":168,"column":14}},"168":{"start":{"line":169,"column":0},"end":{"line":169,"column":66}},"170":{"start":{"line":171,"column":0},"end":{"line":171,"column":14}},"171":{"start":{"line":172,"column":0},"end":{"line":172,"column":12}},"172":{"start":{"line":173,"column":0},"end":{"line":173,"column":12}},"174":{"start":{"line":175,"column":0},"end":{"line":175,"column":2}}},"s":{"1":1,"3":1,"25":1,"26":4,"28":4,"30":4,"31":4,"32":4,"33":4,"34":4,"35":4,"36":4,"37":4,"38":4,"39":4,"40":4,"41":4,"42":4,"43":4,"44":4,"45":4,"46":4,"47":4,"48":4,"49":4,"50":4,"51":4,"52":4,"53":4,"54":4,"55":4,"56":4,"57":4,"58":4,"59":4,"60":4,"61":4,"62":4,"63":4,"64":4,"65":4,"66":4,"67":4,"68":4,"70":4,"71":4,"73":4,"74":4,"75":4,"77":4,"78":4,"79":4,"80":4,"81":4,"82":4,"84":4,"85":4,"86":4,"87":4,"90":4,"91":4,"93":4,"95":4,"96":24,"97":24,"98":24,"99":24,"100":24,"101":24,"102":24,"103":4,"104":20,"105":24,"107":24,"108":24,"109":24,"110":24,"111":24,"112":24,"113":24,"114":24,"115":24,"116":4,"117":4,"118":4,"120":24,"121":24,"122":24,"123":24,"125":4,"128":4,"130":4,"132":4,"133":4,"134":4,"135":4,"136":4,"137":4,"138":4,"139":4,"141":4,"142":4,"143":4,"144":4,"145":4,"146":4,"147":4,"149":4,"150":4,"151":4,"152":4,"153":4,"154":4,"155":4,"156":4,"157":4,"160":4,"161":4,"162":4,"163":4,"164":4,"165":4,"166":4,"167":4,"168":4,"170":4,"171":4,"172":4,"174":4},"branchMap":{"0":{"type":"branch","line":26,"loc":{"start":{"line":26,"column":33},"end":{"line":175,"column":2}},"locations":[{"start":{"line":26,"column":33},"end":{"line":175,"column":2}}]},"1":{"type":"branch","line":61,"loc":{"start":{"line":61,"column":59},"end":{"line":61,"column":81}},"locations":[{"start":{"line":61,"column":59},"end":{"line":61,"column":81}}]},"2":{"type":"branch","line":29,"loc":{"start":{"line":29,"column":49},"end":{"line":29,"column":101}},"locations":[{"start":{"line":29,"column":49},"end":{"line":29,"column":101}}]},"3":{"type":"branch","line":29,"loc":{"start":{"line":29,"column":66},"end":{"line":29,"column":101}},"locations":[{"start":{"line":29,"column":66},"end":{"line":29,"column":101}}]},"4":{"type":"branch","line":96,"loc":{"start":{"line":96,"column":22},"end":{"line":126,"column":9}},"locations":[{"start":{"line":96,"column":22},"end":{"line":126,"column":9}}]},"5":{"type":"branch","line":103,"loc":{"start":{"line":103,"column":16},"end":{"line":104,"column":85}},"locations":[{"start":{"line":103,"column":16},"end":{"line":104,"column":85}}]},"6":{"type":"branch","line":104,"loc":{"start":{"line":104,"column":20},"end":{"line":105,"column":131}},"locations":[{"start":{"line":104,"column":20},"end":{"line":105,"column":131}}]},"7":{"type":"branch","line":108,"loc":{"start":{"line":108,"column":40},"end":{"line":108,"column":68}},"locations":[{"start":{"line":108,"column":40},"end":{"line":108,"column":68}}]},"8":{"type":"branch","line":108,"loc":{"start":{"line":108,"column":51},"end":{"line":108,"column":82}},"locations":[{"start":{"line":108,"column":51},"end":{"line":108,"column":82}}]},"9":{"type":"branch","line":113,"loc":{"start":{"line":113,"column":79},"end":{"line":113,"column":107}},"locations":[{"start":{"line":113,"column":79},"end":{"line":113,"column":107}}]},"10":{"type":"branch","line":113,"loc":{"start":{"line":113,"column":90},"end":{"line":113,"column":124}},"locations":[{"start":{"line":113,"column":90},"end":{"line":113,"column":124}}]},"11":{"type":"branch","line":116,"loc":{"start":{"line":116,"column":24},"end":{"line":119,"column":27}},"locations":[{"start":{"line":116,"column":24},"end":{"line":119,"column":27}}]},"12":{"type":"branch","line":101,"loc":{"start":{"line":101,"column":23},"end":{"line":101,"column":51}},"locations":[{"start":{"line":101,"column":23},"end":{"line":101,"column":51}}]}},"b":{"0":[4],"1":[0],"2":[8],"3":[4],"4":[24],"5":[4],"6":[20],"7":[4],"8":[20],"9":[4],"10":[20],"11":[4],"12":[1]},"fnMap":{"0":{"name":"Sidebar","decl":{"start":{"line":26,"column":33},"end":{"line":175,"column":2}},"loc":{"start":{"line":26,"column":33},"end":{"line":175,"column":2}},"line":26},"1":{"name":"onClick","decl":{"start":{"line":101,"column":23},"end":{"line":101,"column":51}},"loc":{"start":{"line":101,"column":23},"end":{"line":101,"column":51}},"line":101}},"f":{"0":4,"1":1}}
,"/Users/rithvick/Desktop/stitch_greenpulse_smart_city_dashboard/src/components/views/EnergyGridView.tsx": {"path":"/Users/rithvick/Desktop/stitch_greenpulse_smart_city_dashboard/src/components/views/EnergyGridView.tsx","all":false,"statementMap":{"0":{"start":{"line":1,"column":0},"end":{"line":1,"column":40}},"1":{"start":{"line":2,"column":0},"end":{"line":2,"column":62}},"2":{"start":{"line":3,"column":0},"end":{"line":3,"column":9}},"15":{"start":{"line":16,"column":0},"end":{"line":16,"column":47}},"16":{"start":{"line":17,"column":0},"end":{"line":17,"column":126}},"17":{"start":{"line":18,"column":0},"end":{"line":18,"column":70}},"19":{"start":{"line":20,"column":0},"end":{"line":20,"column":10}},"20":{"start":{"line":21,"column":0},"end":{"line":21,"column":53}},"22":{"start":{"line":23,"column":0},"end":{"line":23,"column":76}},"24":{"start":{"line":25,"column":0},"end":{"line":25,"column":70}},"25":{"start":{"line":26,"column":0},"end":{"line":26,"column":102}},"26":{"start":{"line":27,"column":0},"end":{"line":27,"column":41}},"27":{"start":{"line":28,"column":0},"end":{"line":28,"column":54}},"28":{"start":{"line":29,"column":0},"end":{"line":29,"column":16}},"29":{"start":{"line":30,"column":0},"end":{"line":30,"column":105}},"30":{"start":{"line":31,"column":0},"end":{"line":31,"column":97}},"31":{"start":{"line":32,"column":0},"end":{"line":32,"column":14}},"34":{"start":{"line":35,"column":0},"end":{"line":35,"column":70}},"35":{"start":{"line":36,"column":0},"end":{"line":36,"column":102}},"36":{"start":{"line":37,"column":0},"end":{"line":37,"column":40}},"37":{"start":{"line":38,"column":0},"end":{"line":38,"column":54}},"38":{"start":{"line":39,"column":0},"end":{"line":39,"column":16}},"39":{"start":{"line":40,"column":0},"end":{"line":40,"column":113}},"40":{"start":{"line":41,"column":0},"end":{"line":41,"column":83}},"41":{"start":{"line":42,"column":0},"end":{"line":42,"column":14}},"44":{"start":{"line":45,"column":0},"end":{"line":45,"column":70}},"45":{"start":{"line":46,"column":0},"end":{"line":46,"column":102}},"46":{"start":{"line":47,"column":0},"end":{"line":47,"column":40}},"47":{"start":{"line":48,"column":0},"end":{"line":48,"column":56}},"48":{"start":{"line":49,"column":0},"end":{"line":49,"column":16}},"49":{"start":{"line":50,"column":0},"end":{"line":50,"column":111}},"50":{"start":{"line":51,"column":0},"end":{"line":51,"column":96}},"51":{"start":{"line":52,"column":0},"end":{"line":52,"column":14}},"54":{"start":{"line":55,"column":0},"end":{"line":55,"column":70}},"55":{"start":{"line":56,"column":0},"end":{"line":56,"column":102}},"56":{"start":{"line":57,"column":0},"end":{"line":57,"column":39}},"57":{"start":{"line":58,"column":0},"end":{"line":58,"column":61}},"58":{"start":{"line":59,"column":0},"end":{"line":59,"column":16}},"59":{"start":{"line":60,"column":0},"end":{"line":60,"column":111}},"60":{"start":{"line":61,"column":0},"end":{"line":61,"column":89}},"61":{"start":{"line":62,"column":0},"end":{"line":62,"column":14}},"62":{"start":{"line":63,"column":0},"end":{"line":63,"column":12}},"65":{"start":{"line":66,"column":0},"end":{"line":66,"column":61}},"67":{"start":{"line":68,"column":0},"end":{"line":68,"column":94}},"68":{"start":{"line":69,"column":0},"end":{"line":69,"column":101}},"69":{"start":{"line":70,"column":0},"end":{"line":70,"column":97}},"71":{"start":{"line":72,"column":0},"end":{"line":72,"column":17}},"72":{"start":{"line":73,"column":0},"end":{"line":73,"column":97}},"73":{"start":{"line":74,"column":0},"end":{"line":74,"column":16}},"75":{"start":{"line":76,"column":0},"end":{"line":76,"column":39}},"76":{"start":{"line":77,"column":0},"end":{"line":77,"column":67}},"78":{"start":{"line":79,"column":0},"end":{"line":79,"column":18}},"80":{"start":{"line":81,"column":0},"end":{"line":81,"column":67}},"81":{"start":{"line":82,"column":0},"end":{"line":82,"column":41}},"82":{"start":{"line":83,"column":0},"end":{"line":83,"column":151}},"83":{"start":{"line":84,"column":0},"end":{"line":84,"column":69}},"84":{"start":{"line":85,"column":0},"end":{"line":85,"column":89}},"85":{"start":{"line":86,"column":0},"end":{"line":86,"column":80}},"86":{"start":{"line":87,"column":0},"end":{"line":87,"column":166}},"87":{"start":{"line":88,"column":0},"end":{"line":88,"column":24}},"88":{"start":{"line":89,"column":0},"end":{"line":89,"column":34}},"89":{"start":{"line":90,"column":0},"end":{"line":90,"column":27}},"90":{"start":{"line":91,"column":0},"end":{"line":91,"column":24}},"92":{"start":{"line":93,"column":0},"end":{"line":93,"column":90}},"93":{"start":{"line":94,"column":0},"end":{"line":94,"column":100}},"94":{"start":{"line":95,"column":0},"end":{"line":95,"column":95}},"95":{"start":{"line":96,"column":0},"end":{"line":96,"column":24}},"97":{"start":{"line":98,"column":0},"end":{"line":98,"column":124}},"98":{"start":{"line":99,"column":0},"end":{"line":99,"column":25}},"99":{"start":{"line":100,"column":0},"end":{"line":100,"column":132}},"100":{"start":{"line":101,"column":0},"end":{"line":101,"column":58}},"101":{"start":{"line":102,"column":0},"end":{"line":102,"column":22}},"102":{"start":{"line":103,"column":0},"end":{"line":103,"column":24}},"103":{"start":{"line":104,"column":0},"end":{"line":104,"column":22}},"104":{"start":{"line":105,"column":0},"end":{"line":105,"column":17}},"105":{"start":{"line":106,"column":0},"end":{"line":106,"column":18}},"107":{"start":{"line":108,"column":0},"end":{"line":108,"column":14}},"110":{"start":{"line":111,"column":0},"end":{"line":111,"column":80}},"111":{"start":{"line":112,"column":0},"end":{"line":112,"column":67}},"112":{"start":{"line":113,"column":0},"end":{"line":113,"column":97}},"114":{"start":{"line":115,"column":0},"end":{"line":115,"column":17}},"115":{"start":{"line":116,"column":0},"end":{"line":116,"column":108}},"116":{"start":{"line":117,"column":0},"end":{"line":117,"column":16}},"118":{"start":{"line":119,"column":0},"end":{"line":119,"column":96}},"119":{"start":{"line":120,"column":0},"end":{"line":120,"column":63}},"120":{"start":{"line":121,"column":0},"end":{"line":121,"column":92}},"121":{"start":{"line":122,"column":0},"end":{"line":122,"column":21}},"122":{"start":{"line":123,"column":0},"end":{"line":123,"column":68}},"123":{"start":{"line":124,"column":0},"end":{"line":124,"column":83}},"124":{"start":{"line":125,"column":0},"end":{"line":125,"column":164}},"125":{"start":{"line":126,"column":0},"end":{"line":126,"column":19}},"127":{"start":{"line":128,"column":0},"end":{"line":128,"column":59}},"128":{"start":{"line":129,"column":0},"end":{"line":129,"column":23}},"129":{"start":{"line":130,"column":0},"end":{"line":130,"column":18}},"130":{"start":{"line":131,"column":0},"end":{"line":131,"column":52}},"132":{"start":{"line":133,"column":0},"end":{"line":133,"column":16}},"133":{"start":{"line":134,"column":0},"end":{"line":134,"column":16}},"135":{"start":{"line":136,"column":0},"end":{"line":136,"column":89}},"136":{"start":{"line":137,"column":0},"end":{"line":137,"column":90}},"137":{"start":{"line":138,"column":0},"end":{"line":138,"column":45}},"138":{"start":{"line":139,"column":0},"end":{"line":139,"column":61}},"139":{"start":{"line":140,"column":0},"end":{"line":140,"column":18}},"140":{"start":{"line":141,"column":0},"end":{"line":141,"column":63}},"142":{"start":{"line":143,"column":0},"end":{"line":143,"column":16}},"143":{"start":{"line":144,"column":0},"end":{"line":144,"column":150}},"145":{"start":{"line":146,"column":0},"end":{"line":146,"column":21}},"146":{"start":{"line":147,"column":0},"end":{"line":147,"column":16}},"147":{"start":{"line":148,"column":0},"end":{"line":148,"column":14}},"148":{"start":{"line":149,"column":0},"end":{"line":149,"column":12}},"149":{"start":{"line":150,"column":0},"end":{"line":150,"column":10}},"151":{"start":{"line":152,"column":0},"end":{"line":152,"column":2}}},"s":{"0":1,"1":1,"2":1,"15":1,"16":1,"17":1,"19":1,"20":1,"22":1,"24":1,"25":1,"26":1,"27":1,"28":1,"29":1,"30":1,"31":1,"34":1,"35":1,"36":1,"37":1,"38":1,"39":1,"40":1,"41":1,"44":1,"45":1,"46":1,"47":1,"48":1,"49":1,"50":1,"51":1,"54":1,"55":1,"56":1,"57":1,"58":1,"59":1,"60":1,"61":1,"62":1,"65":1,"67":1,"68":1,"69":1,"71":1,"72":1,"73":1,"75":1,"76":0,"78":0,"80":1,"81":1,"82":2,"83":2,"84":2,"85":2,"86":2,"87":2,"88":2,"89":2,"90":2,"92":2,"93":2,"94":2,"95":2,"97":2,"98":2,"99":2,"100":2,"101":2,"102":2,"103":2,"104":1,"105":1,"107":1,"110":1,"111":1,"112":1,"114":1,"115":1,"116":1,"118":1,"119":1,"120":1,"121":1,"122":1,"123":1,"124":1,"125":1,"127":1,"128":1,"129":1,"130":1,"132":1,"133":1,"135":1,"136":1,"137":1,"138":1,"139":1,"140":1,"142":1,"143":1,"145":1,"146":1,"147":1,"148":1,"149":1,"151":1},"branchMap":{"0":{"type":"branch","line":16,"loc":{"start":{"line":16,"column":40},"end":{"line":152,"column":2}},"locations":[{"start":{"line":16,"column":40},"end":{"line":152,"column":2}}]},"1":{"type":"branch","line":76,"loc":{"start":{"line":76,"column":34},"end":{"line":79,"column":18}},"locations":[{"start":{"line":76,"column":34},"end":{"line":79,"column":18}}]},"2":{"type":"branch","line":125,"loc":{"start":{"line":125,"column":18},"end":{"line":125,"column":94}},"locations":[{"start":{"line":125,"column":18},"end":{"line":125,"column":94}}]},"3":{"type":"branch","line":128,"loc":{"start":{"line":128,"column":17},"end":{"line":128,"column":48}},"locations":[{"start":{"line":128,"column":17},"end":{"line":128,"column":48}}]},"4":{"type":"branch","line":82,"loc":{"start":{"line":82,"column":31},"end":{"line":104,"column":22}},"locations":[{"start":{"line":82,"column":31},"end":{"line":104,"column":22}}]},"5":{"type":"branch","line":87,"loc":{"start":{"line":87,"column":37},"end":{"line":87,"column":114}},"locations":[{"start":{"line":87,"column":37},"end":{"line":87,"column":114}}]},"6":{"type":"branch","line":87,"loc":{"start":{"line":87,"column":51},"end":{"line":87,"column":166}},"locations":[{"start":{"line":87,"column":51},"end":{"line":87,"column":166}}]},"7":{"type":"branch","line":100,"loc":{"start":{"line":100,"column":57},"end":{"line":100,"column":77}},"locations":[{"start":{"line":100,"column":57},"end":{"line":100,"column":77}}]},"8":{"type":"branch","line":100,"loc":{"start":{"line":100,"column":62},"end":{"line":100,"column":129}},"locations":[{"start":{"line":100,"column":62},"end":{"line":100,"column":129}}]},"9":{"type":"branch","line":100,"loc":{"start":{"line":100,"column":96},"end":{"line":100,"column":129}},"locations":[{"start":{"line":100,"column":96},"end":{"line":100,"column":129}}]}},"b":{"0":[1],"1":[0],"2":[0],"3":[0],"4":[2],"5":[1],"6":[1],"7":[1],"8":[1],"9":[0]},"fnMap":{"0":{"name":"EnergyGridView","decl":{"start":{"line":16,"column":40},"end":{"line":152,"column":2}},"loc":{"start":{"line":16,"column":40},"end":{"line":152,"column":2}},"line":16},"1":{"name":"onClick","decl":{"start":{"line":123,"column":25},"end":{"line":123,"column":68}},"loc":{"start":{"line":123,"column":25},"end":{"line":123,"column":68}},"line":123}},"f":{"0":1,"1":0}}
,"/Users/rithvick/Desktop/stitch_greenpulse_smart_city_dashboard/src/components/views/IndustrialPrecisionView.tsx": {"path":"/Users/rithvick/Desktop/stitch_greenpulse_smart_city_dashboard/src/components/views/IndustrialPrecisionView.tsx","all":false,"statementMap":{"1":{"start":{"line":2,"column":0},"end":{"line":2,"column":62}},"2":{"start":{"line":3,"column":0},"end":{"line":3,"column":9}},"13":{"start":{"line":14,"column":0},"end":{"line":14,"column":56}},"14":{"start":{"line":15,"column":0},"end":{"line":15,"column":72}},"17":{"start":{"line":18,"column":0},"end":{"line":18,"column":10}},"18":{"start":{"line":19,"column":0},"end":{"line":19,"column":53}},"20":{"start":{"line":21,"column":0},"end":{"line":21,"column":144}},"21":{"start":{"line":22,"column":0},"end":{"line":22,"column":13}},"22":{"start":{"line":23,"column":0},"end":{"line":23,"column":86}},"23":{"start":{"line":24,"column":0},"end":{"line":24,"column":52}},"24":{"start":{"line":25,"column":0},"end":{"line":25,"column":72}},"25":{"start":{"line":26,"column":0},"end":{"line":26,"column":16}},"26":{"start":{"line":27,"column":0},"end":{"line":27,"column":96}},"28":{"start":{"line":29,"column":0},"end":{"line":29,"column":15}},"29":{"start":{"line":30,"column":0},"end":{"line":30,"column":51}},"31":{"start":{"line":32,"column":0},"end":{"line":32,"column":14}},"32":{"start":{"line":33,"column":0},"end":{"line":33,"column":14}},"34":{"start":{"line":35,"column":0},"end":{"line":35,"column":112}},"35":{"start":{"line":36,"column":0},"end":{"line":36,"column":67}},"36":{"start":{"line":37,"column":0},"end":{"line":37,"column":67}},"37":{"start":{"line":38,"column":0},"end":{"line":38,"column":140}},"38":{"start":{"line":39,"column":0},"end":{"line":39,"column":14}},"39":{"start":{"line":40,"column":0},"end":{"line":40,"column":24}},"40":{"start":{"line":41,"column":0},"end":{"line":41,"column":17}},"41":{"start":{"line":42,"column":0},"end":{"line":42,"column":14}},"42":{"start":{"line":43,"column":0},"end":{"line":43,"column":12}},"45":{"start":{"line":46,"column":0},"end":{"line":46,"column":61}},"46":{"start":{"line":47,"column":0},"end":{"line":47,"column":94}},"47":{"start":{"line":48,"column":0},"end":{"line":48,"column":101}},"48":{"start":{"line":49,"column":0},"end":{"line":49,"column":97}},"50":{"start":{"line":51,"column":0},"end":{"line":51,"column":17}},"51":{"start":{"line":52,"column":0},"end":{"line":52,"column":100}},"52":{"start":{"line":53,"column":0},"end":{"line":53,"column":16}},"54":{"start":{"line":55,"column":0},"end":{"line":55,"column":65}},"55":{"start":{"line":56,"column":0},"end":{"line":56,"column":41}},"56":{"start":{"line":57,"column":0},"end":{"line":57,"column":150}},"57":{"start":{"line":58,"column":0},"end":{"line":58,"column":67}},"58":{"start":{"line":59,"column":0},"end":{"line":59,"column":83}},"59":{"start":{"line":60,"column":0},"end":{"line":60,"column":78}},"60":{"start":{"line":61,"column":0},"end":{"line":61,"column":155}},"61":{"start":{"line":62,"column":0},"end":{"line":62,"column":22}},"62":{"start":{"line":63,"column":0},"end":{"line":63,"column":33}},"63":{"start":{"line":64,"column":0},"end":{"line":64,"column":25}},"64":{"start":{"line":65,"column":0},"end":{"line":65,"column":22}},"65":{"start":{"line":66,"column":0},"end":{"line":66,"column":88}},"67":{"start":{"line":68,"column":0},"end":{"line":68,"column":93}},"68":{"start":{"line":69,"column":0},"end":{"line":69,"column":99}},"69":{"start":{"line":70,"column":0},"end":{"line":70,"column":100}},"70":{"start":{"line":71,"column":0},"end":{"line":71,"column":22}},"72":{"start":{"line":73,"column":0},"end":{"line":73,"column":122}},"73":{"start":{"line":74,"column":0},"end":{"line":74,"column":23}},"74":{"start":{"line":75,"column":0},"end":{"line":75,"column":98}},"75":{"start":{"line":76,"column":0},"end":{"line":76,"column":78}},"76":{"start":{"line":77,"column":0},"end":{"line":77,"column":20}},"77":{"start":{"line":78,"column":0},"end":{"line":78,"column":22}},"78":{"start":{"line":79,"column":0},"end":{"line":79,"column":20}},"79":{"start":{"line":80,"column":0},"end":{"line":80,"column":15}},"80":{"start":{"line":81,"column":0},"end":{"line":81,"column":16}},"81":{"start":{"line":82,"column":0},"end":{"line":82,"column":14}},"84":{"start":{"line":85,"column":0},"end":{"line":85,"column":80}},"85":{"start":{"line":86,"column":0},"end":{"line":86,"column":67}},"86":{"start":{"line":87,"column":0},"end":{"line":87,"column":97}},"88":{"start":{"line":89,"column":0},"end":{"line":89,"column":17}},"89":{"start":{"line":90,"column":0},"end":{"line":90,"column":101}},"90":{"start":{"line":91,"column":0},"end":{"line":91,"column":16}},"92":{"start":{"line":93,"column":0},"end":{"line":93,"column":37}},"93":{"start":{"line":94,"column":0},"end":{"line":94,"column":19}},"94":{"start":{"line":95,"column":0},"end":{"line":95,"column":40}},"95":{"start":{"line":96,"column":0},"end":{"line":96,"column":93}},"96":{"start":{"line":97,"column":0},"end":{"line":97,"column":41}},"97":{"start":{"line":98,"column":0},"end":{"line":98,"column":82}},"98":{"start":{"line":99,"column":0},"end":{"line":99,"column":87}},"99":{"start":{"line":100,"column":0},"end":{"line":100,"column":17}},"101":{"start":{"line":102,"column":0},"end":{"line":102,"column":89}},"102":{"start":{"line":103,"column":0},"end":{"line":103,"column":21}},"104":{"start":{"line":105,"column":0},"end":{"line":105,"column":98}},"105":{"start":{"line":106,"column":0},"end":{"line":106,"column":99}},"106":{"start":{"line":107,"column":0},"end":{"line":107,"column":48}},"107":{"start":{"line":108,"column":0},"end":{"line":108,"column":68}},"108":{"start":{"line":109,"column":0},"end":{"line":109,"column":20}},"109":{"start":{"line":110,"column":0},"end":{"line":110,"column":96}},"110":{"start":{"line":111,"column":0},"end":{"line":111,"column":18}},"111":{"start":{"line":112,"column":0},"end":{"line":112,"column":16}},"112":{"start":{"line":113,"column":0},"end":{"line":113,"column":14}},"113":{"start":{"line":114,"column":0},"end":{"line":114,"column":12}},"114":{"start":{"line":115,"column":0},"end":{"line":115,"column":10}},"116":{"start":{"line":117,"column":0},"end":{"line":117,"column":2}}},"s":{"1":1,"2":1,"13":1,"14":1,"17":1,"18":1,"20":1,"21":1,"22":1,"23":1,"24":1,"25":1,"26":1,"28":1,"29":1,"31":1,"32":1,"34":1,"35":1,"36":1,"37":1,"38":1,"39":1,"40":1,"41":1,"42":1,"45":1,"46":1,"47":1,"48":1,"50":1,"51":1,"52":1,"54":1,"55":1,"56":4,"57":4,"58":4,"59":4,"60":4,"61":4,"62":4,"63":4,"64":4,"65":4,"67":4,"68":4,"69":4,"70":4,"72":4,"73":4,"74":4,"75":4,"76":4,"77":4,"78":4,"79":1,"80":1,"81":1,"84":1,"85":1,"86":1,"88":1,"89":1,"90":1,"92":1,"93":1,"94":1,"95":1,"96":1,"97":1,"98":0,"99":1,"101":1,"102":1,"104":1,"105":1,"106":1,"107":1,"108":1,"109":1,"110":1,"111":1,"112":1,"113":1,"114":1,"116":1},"branchMap":{"0":{"type":"branch","line":14,"loc":{"start":{"line":14,"column":49},"end":{"line":117,"column":2}},"locations":[{"start":{"line":14,"column":49},"end":{"line":117,"column":2}}]},"1":{"type":"branch","line":38,"loc":{"start":{"line":38,"column":39},"end":{"line":38,"column":140}},"locations":[{"start":{"line":38,"column":39},"end":{"line":38,"column":140}}]},"2":{"type":"branch","line":98,"loc":{"start":{"line":98,"column":20},"end":{"line":99,"column":87}},"locations":[{"start":{"line":98,"column":20},"end":{"line":99,"column":87}}]},"3":{"type":"branch","line":102,"loc":{"start":{"line":102,"column":42},"end":{"line":102,"column":89}},"locations":[{"start":{"line":102,"column":42},"end":{"line":102,"column":89}}]},"4":{"type":"branch","line":56,"loc":{"start":{"line":56,"column":30},"end":{"line":79,"column":20}},"locations":[{"start":{"line":56,"column":30},"end":{"line":79,"column":20}}]},"5":{"type":"branch","line":61,"loc":{"start":{"line":61,"column":36},"end":{"line":61,"column":103}},"locations":[{"start":{"line":61,"column":36},"end":{"line":61,"column":103}}]},"6":{"type":"branch","line":61,"loc":{"start":{"line":61,"column":54},"end":{"line":61,"column":155}},"locations":[{"start":{"line":61,"column":54},"end":{"line":61,"column":155}}]},"7":{"type":"branch","line":75,"loc":{"start":{"line":75,"column":57},"end":{"line":75,"column":79}},"locations":[{"start":{"line":75,"column":57},"end":{"line":75,"column":79}}]},"8":{"type":"branch","line":75,"loc":{"start":{"line":75,"column":62},"end":{"line":75,"column":95}},"locations":[{"start":{"line":75,"column":62},"end":{"line":75,"column":95}}]}},"b":{"0":[1],"1":[0],"2":[0],"3":[0],"4":[4],"5":[1],"6":[3],"7":[1],"8":[3]},"fnMap":{"0":{"name":"IndustrialPrecisionView","decl":{"start":{"line":14,"column":49},"end":{"line":117,"column":2}},"loc":{"start":{"line":14,"column":49},"end":{"line":117,"column":2}},"line":14}},"f":{"0":1}}
,"/Users/rithvick/Desktop/stitch_greenpulse_smart_city_dashboard/src/components/views/InfrastructureView.tsx": {"path":"/Users/rithvick/Desktop/stitch_greenpulse_smart_city_dashboard/src/components/views/InfrastructureView.tsx","all":false,"statementMap":{"1":{"start":{"line":2,"column":0},"end":{"line":2,"column":62}},"2":{"start":{"line":3,"column":0},"end":{"line":3,"column":9}},"13":{"start":{"line":14,"column":0},"end":{"line":14,"column":51}},"14":{"start":{"line":15,"column":0},"end":{"line":15,"column":107}},"16":{"start":{"line":17,"column":0},"end":{"line":17,"column":10}},"17":{"start":{"line":18,"column":0},"end":{"line":18,"column":53}},"19":{"start":{"line":20,"column":0},"end":{"line":20,"column":144}},"20":{"start":{"line":21,"column":0},"end":{"line":21,"column":13}},"21":{"start":{"line":22,"column":0},"end":{"line":22,"column":86}},"22":{"start":{"line":23,"column":0},"end":{"line":23,"column":45}},"23":{"start":{"line":24,"column":0},"end":{"line":24,"column":65}},"24":{"start":{"line":25,"column":0},"end":{"line":25,"column":16}},"25":{"start":{"line":26,"column":0},"end":{"line":26,"column":96}},"27":{"start":{"line":28,"column":0},"end":{"line":28,"column":15}},"28":{"start":{"line":29,"column":0},"end":{"line":29,"column":51}},"30":{"start":{"line":31,"column":0},"end":{"line":31,"column":14}},"31":{"start":{"line":32,"column":0},"end":{"line":32,"column":14}},"33":{"start":{"line":34,"column":0},"end":{"line":34,"column":120}},"34":{"start":{"line":35,"column":0},"end":{"line":35,"column":139}},"35":{"start":{"line":36,"column":0},"end":{"line":36,"column":49}},"36":{"start":{"line":37,"column":0},"end":{"line":37,"column":91}},"37":{"start":{"line":38,"column":0},"end":{"line":38,"column":14}},"38":{"start":{"line":39,"column":0},"end":{"line":39,"column":12}},"41":{"start":{"line":42,"column":0},"end":{"line":42,"column":61}},"43":{"start":{"line":44,"column":0},"end":{"line":44,"column":94}},"44":{"start":{"line":45,"column":0},"end":{"line":45,"column":101}},"45":{"start":{"line":46,"column":0},"end":{"line":46,"column":97}},"47":{"start":{"line":48,"column":0},"end":{"line":48,"column":17}},"48":{"start":{"line":49,"column":0},"end":{"line":49,"column":86}},"49":{"start":{"line":50,"column":0},"end":{"line":50,"column":16}},"51":{"start":{"line":52,"column":0},"end":{"line":52,"column":65}},"52":{"start":{"line":53,"column":0},"end":{"line":53,"column":44}},"53":{"start":{"line":54,"column":0},"end":{"line":54,"column":150}},"54":{"start":{"line":55,"column":0},"end":{"line":55,"column":67}},"55":{"start":{"line":56,"column":0},"end":{"line":56,"column":88}},"56":{"start":{"line":57,"column":0},"end":{"line":57,"column":78}},"57":{"start":{"line":58,"column":0},"end":{"line":58,"column":157}},"58":{"start":{"line":59,"column":0},"end":{"line":59,"column":22}},"59":{"start":{"line":60,"column":0},"end":{"line":60,"column":33}},"60":{"start":{"line":61,"column":0},"end":{"line":61,"column":25}},"61":{"start":{"line":62,"column":0},"end":{"line":62,"column":22}},"63":{"start":{"line":64,"column":0},"end":{"line":64,"column":88}},"64":{"start":{"line":65,"column":0},"end":{"line":65,"column":105}},"65":{"start":{"line":66,"column":0},"end":{"line":66,"column":107}},"66":{"start":{"line":67,"column":0},"end":{"line":67,"column":22}},"68":{"start":{"line":69,"column":0},"end":{"line":69,"column":122}},"69":{"start":{"line":70,"column":0},"end":{"line":70,"column":23}},"70":{"start":{"line":71,"column":0},"end":{"line":71,"column":100}},"71":{"start":{"line":72,"column":0},"end":{"line":72,"column":60}},"72":{"start":{"line":73,"column":0},"end":{"line":73,"column":20}},"73":{"start":{"line":74,"column":0},"end":{"line":74,"column":22}},"74":{"start":{"line":75,"column":0},"end":{"line":75,"column":20}},"75":{"start":{"line":76,"column":0},"end":{"line":76,"column":15}},"76":{"start":{"line":77,"column":0},"end":{"line":77,"column":16}},"77":{"start":{"line":78,"column":0},"end":{"line":78,"column":14}},"80":{"start":{"line":81,"column":0},"end":{"line":81,"column":80}},"81":{"start":{"line":82,"column":0},"end":{"line":82,"column":101}},"82":{"start":{"line":83,"column":0},"end":{"line":83,"column":97}},"84":{"start":{"line":85,"column":0},"end":{"line":85,"column":17}},"85":{"start":{"line":86,"column":0},"end":{"line":86,"column":55}},"86":{"start":{"line":87,"column":0},"end":{"line":87,"column":16}},"88":{"start":{"line":89,"column":0},"end":{"line":89,"column":37}},"89":{"start":{"line":90,"column":0},"end":{"line":90,"column":45}},"90":{"start":{"line":91,"column":0},"end":{"line":91,"column":119}},"91":{"start":{"line":92,"column":0},"end":{"line":92,"column":75}},"92":{"start":{"line":93,"column":0},"end":{"line":93,"column":75}},"93":{"start":{"line":94,"column":0},"end":{"line":94,"column":80}},"94":{"start":{"line":95,"column":0},"end":{"line":95,"column":136}},"95":{"start":{"line":96,"column":0},"end":{"line":96,"column":22}},"96":{"start":{"line":97,"column":0},"end":{"line":97,"column":44}},"97":{"start":{"line":98,"column":0},"end":{"line":98,"column":25}},"98":{"start":{"line":99,"column":0},"end":{"line":99,"column":22}},"99":{"start":{"line":100,"column":0},"end":{"line":100,"column":85}},"100":{"start":{"line":101,"column":0},"end":{"line":101,"column":76}},"101":{"start":{"line":102,"column":0},"end":{"line":102,"column":112}},"102":{"start":{"line":103,"column":0},"end":{"line":103,"column":20}},"103":{"start":{"line":104,"column":0},"end":{"line":104,"column":15}},"104":{"start":{"line":105,"column":0},"end":{"line":105,"column":16}},"105":{"start":{"line":106,"column":0},"end":{"line":106,"column":14}},"106":{"start":{"line":107,"column":0},"end":{"line":107,"column":12}},"107":{"start":{"line":108,"column":0},"end":{"line":108,"column":10}},"109":{"start":{"line":110,"column":0},"end":{"line":110,"column":2}}},"s":{"1":1,"2":1,"13":1,"14":1,"16":1,"17":1,"19":1,"20":1,"21":1,"22":1,"23":1,"24":1,"25":1,"27":1,"28":1,"30":1,"31":1,"33":1,"34":1,"35":1,"36":1,"37":1,"38":1,"41":1,"43":1,"44":1,"45":1,"47":1,"48":1,"49":1,"51":1,"52":1,"53":4,"54":4,"55":4,"56":4,"57":4,"58":4,"59":4,"60":4,"61":4,"63":4,"64":4,"65":4,"66":4,"68":4,"69":4,"70":4,"71":4,"72":4,"73":4,"74":4,"75":1,"76":1,"77":1,"80":1,"81":1,"82":1,"84":1,"85":1,"86":1,"88":1,"89":1,"90":3,"91":3,"92":3,"93":3,"94":3,"95":3,"96":3,"97":3,"98":3,"99":3,"100":3,"101":3,"102":3,"103":1,"104":1,"105":1,"106":1,"107":1,"109":1},"branchMap":{"0":{"type":"branch","line":14,"loc":{"start":{"line":14,"column":44},"end":{"line":110,"column":2}},"locations":[{"start":{"line":14,"column":44},"end":{"line":110,"column":2}}]},"1":{"type":"branch","line":53,"loc":{"start":{"line":53,"column":33},"end":{"line":75,"column":20}},"locations":[{"start":{"line":53,"column":33},"end":{"line":75,"column":20}}]},"2":{"type":"branch","line":58,"loc":{"start":{"line":58,"column":36},"end":{"line":58,"column":105}},"locations":[{"start":{"line":58,"column":36},"end":{"line":58,"column":105}}]},"3":{"type":"branch","line":58,"loc":{"start":{"line":58,"column":56},"end":{"line":58,"column":157}},"locations":[{"start":{"line":58,"column":56},"end":{"line":58,"column":157}}]},"4":{"type":"branch","line":71,"loc":{"start":{"line":71,"column":59},"end":{"line":71,"column":81}},"locations":[{"start":{"line":71,"column":59},"end":{"line":71,"column":81}}]},"5":{"type":"branch","line":90,"loc":{"start":{"line":90,"column":34},"end":{"line":103,"column":20}},"locations":[{"start":{"line":90,"column":34},"end":{"line":103,"column":20}}]},"6":{"type":"branch","line":95,"loc":{"start":{"line":95,"column":38},"end":{"line":95,"column":90}},"locations":[{"start":{"line":95,"column":38},"end":{"line":95,"column":90}}]},"7":{"type":"branch","line":95,"loc":{"start":{"line":95,"column":47},"end":{"line":95,"column":136}},"locations":[{"start":{"line":95,"column":47},"end":{"line":95,"column":136}}]}},"b":{"0":[1],"1":[4],"2":[1],"3":[3],"4":[0],"5":[3],"6":[1],"7":[2]},"fnMap":{"0":{"name":"InfrastructureView","decl":{"start":{"line":14,"column":44},"end":{"line":110,"column":2}},"loc":{"start":{"line":14,"column":44},"end":{"line":110,"column":2}},"line":14}},"f":{"0":1}}
,"/Users/rithvick/Desktop/stitch_greenpulse_smart_city_dashboard/src/components/views/OverviewDashboard.tsx": {"path":"/Users/rithvick/Desktop/stitch_greenpulse_smart_city_dashboard/src/components/views/OverviewDashboard.tsx","all":false,"statementMap":{"1":{"start":{"line":2,"column":0},"end":{"line":2,"column":62}},"2":{"start":{"line":3,"column":0},"end":{"line":3,"column":9}},"17":{"start":{"line":18,"column":0},"end":{"line":18,"column":50}},"18":{"start":{"line":19,"column":0},"end":{"line":19,"column":10}},"19":{"start":{"line":20,"column":0},"end":{"line":20,"column":21}},"20":{"start":{"line":21,"column":0},"end":{"line":21,"column":18}},"21":{"start":{"line":22,"column":0},"end":{"line":22,"column":15}},"22":{"start":{"line":23,"column":0},"end":{"line":23,"column":24}},"23":{"start":{"line":24,"column":0},"end":{"line":24,"column":30}},"24":{"start":{"line":25,"column":0},"end":{"line":25,"column":19}},"25":{"start":{"line":26,"column":0},"end":{"line":26,"column":20}},"26":{"start":{"line":27,"column":0},"end":{"line":27,"column":21}},"27":{"start":{"line":28,"column":0},"end":{"line":28,"column":14}},"28":{"start":{"line":29,"column":0},"end":{"line":29,"column":19}},"29":{"start":{"line":30,"column":0},"end":{"line":30,"column":17}},"30":{"start":{"line":31,"column":0},"end":{"line":31,"column":21}},"31":{"start":{"line":32,"column":0},"end":{"line":32,"column":17}},"32":{"start":{"line":33,"column":0},"end":{"line":33,"column":21}},"34":{"start":{"line":35,"column":0},"end":{"line":35,"column":10}},"35":{"start":{"line":36,"column":0},"end":{"line":36,"column":53}},"37":{"start":{"line":38,"column":0},"end":{"line":38,"column":76}},"39":{"start":{"line":40,"column":0},"end":{"line":40,"column":137}},"40":{"start":{"line":41,"column":0},"end":{"line":41,"column":61}},"41":{"start":{"line":42,"column":0},"end":{"line":42,"column":110}},"42":{"start":{"line":43,"column":0},"end":{"line":43,"column":65}},"43":{"start":{"line":44,"column":0},"end":{"line":44,"column":16}},"44":{"start":{"line":45,"column":0},"end":{"line":45,"column":62}},"45":{"start":{"line":46,"column":0},"end":{"line":46,"column":120}},"46":{"start":{"line":47,"column":0},"end":{"line":47,"column":83}},"47":{"start":{"line":48,"column":0},"end":{"line":48,"column":61}},"48":{"start":{"line":49,"column":0},"end":{"line":49,"column":19}},"49":{"start":{"line":50,"column":0},"end":{"line":50,"column":16}},"50":{"start":{"line":51,"column":0},"end":{"line":51,"column":85}},"51":{"start":{"line":52,"column":0},"end":{"line":52,"column":74}},"52":{"start":{"line":53,"column":0},"end":{"line":53,"column":118}},"53":{"start":{"line":54,"column":0},"end":{"line":54,"column":16}},"54":{"start":{"line":55,"column":0},"end":{"line":55,"column":14}},"57":{"start":{"line":58,"column":0},"end":{"line":58,"column":131}},"58":{"start":{"line":59,"column":0},"end":{"line":59,"column":61}},"59":{"start":{"line":60,"column":0},"end":{"line":60,"column":107}},"60":{"start":{"line":61,"column":0},"end":{"line":61,"column":54}},"61":{"start":{"line":62,"column":0},"end":{"line":62,"column":16}},"62":{"start":{"line":63,"column":0},"end":{"line":63,"column":62}},"63":{"start":{"line":64,"column":0},"end":{"line":64,"column":116}},"64":{"start":{"line":65,"column":0},"end":{"line":65,"column":70}},"65":{"start":{"line":66,"column":0},"end":{"line":66,"column":16}},"66":{"start":{"line":67,"column":0},"end":{"line":67,"column":78}},"67":{"start":{"line":68,"column":0},"end":{"line":68,"column":101}},"68":{"start":{"line":69,"column":0},"end":{"line":69,"column":75}},"69":{"start":{"line":70,"column":0},"end":{"line":70,"column":16}},"70":{"start":{"line":71,"column":0},"end":{"line":71,"column":74}},"71":{"start":{"line":72,"column":0},"end":{"line":72,"column":123}},"72":{"start":{"line":73,"column":0},"end":{"line":73,"column":16}},"73":{"start":{"line":74,"column":0},"end":{"line":74,"column":14}},"76":{"start":{"line":77,"column":0},"end":{"line":77,"column":131}},"77":{"start":{"line":78,"column":0},"end":{"line":78,"column":61}},"78":{"start":{"line":79,"column":0},"end":{"line":79,"column":111}},"79":{"start":{"line":80,"column":0},"end":{"line":80,"column":52}},"80":{"start":{"line":81,"column":0},"end":{"line":81,"column":16}},"81":{"start":{"line":82,"column":0},"end":{"line":82,"column":62}},"82":{"start":{"line":83,"column":0},"end":{"line":83,"column":129}},"83":{"start":{"line":84,"column":0},"end":{"line":84,"column":81}},"84":{"start":{"line":85,"column":0},"end":{"line":85,"column":16}},"85":{"start":{"line":86,"column":0},"end":{"line":86,"column":87}},"86":{"start":{"line":87,"column":0},"end":{"line":87,"column":74}},"87":{"start":{"line":88,"column":0},"end":{"line":88,"column":127}},"88":{"start":{"line":89,"column":0},"end":{"line":89,"column":16}},"89":{"start":{"line":90,"column":0},"end":{"line":90,"column":14}},"92":{"start":{"line":93,"column":0},"end":{"line":93,"column":131}},"93":{"start":{"line":94,"column":0},"end":{"line":94,"column":61}},"94":{"start":{"line":95,"column":0},"end":{"line":95,"column":110}},"95":{"start":{"line":96,"column":0},"end":{"line":96,"column":57}},"96":{"start":{"line":97,"column":0},"end":{"line":97,"column":16}},"97":{"start":{"line":98,"column":0},"end":{"line":98,"column":62}},"98":{"start":{"line":99,"column":0},"end":{"line":99,"column":118}},"99":{"start":{"line":100,"column":0},"end":{"line":100,"column":77}},"100":{"start":{"line":101,"column":0},"end":{"line":101,"column":16}},"101":{"start":{"line":102,"column":0},"end":{"line":102,"column":89}},"102":{"start":{"line":103,"column":0},"end":{"line":103,"column":74}},"103":{"start":{"line":104,"column":0},"end":{"line":104,"column":100}},"104":{"start":{"line":105,"column":0},"end":{"line":105,"column":16}},"105":{"start":{"line":106,"column":0},"end":{"line":106,"column":14}},"106":{"start":{"line":107,"column":0},"end":{"line":107,"column":12}},"109":{"start":{"line":110,"column":0},"end":{"line":110,"column":61}},"111":{"start":{"line":112,"column":0},"end":{"line":112,"column":94}},"112":{"start":{"line":113,"column":0},"end":{"line":113,"column":101}},"113":{"start":{"line":114,"column":0},"end":{"line":114,"column":17}},"114":{"start":{"line":115,"column":0},"end":{"line":115,"column":99}},"116":{"start":{"line":117,"column":0},"end":{"line":117,"column":19}},"117":{"start":{"line":118,"column":0},"end":{"line":118,"column":103}},"118":{"start":{"line":119,"column":0},"end":{"line":119,"column":18}},"119":{"start":{"line":120,"column":0},"end":{"line":120,"column":131}},"121":{"start":{"line":122,"column":0},"end":{"line":122,"column":19}},"122":{"start":{"line":123,"column":0},"end":{"line":123,"column":16}},"125":{"start":{"line":126,"column":0},"end":{"line":126,"column":42}},"126":{"start":{"line":127,"column":0},"end":{"line":127,"column":44}},"127":{"start":{"line":128,"column":0},"end":{"line":128,"column":83}},"128":{"start":{"line":129,"column":0},"end":{"line":129,"column":22}},"129":{"start":{"line":130,"column":0},"end":{"line":130,"column":61}},"130":{"start":{"line":131,"column":0},"end":{"line":131,"column":87}},"131":{"start":{"line":132,"column":0},"end":{"line":132,"column":96}},"132":{"start":{"line":133,"column":0},"end":{"line":133,"column":142}},"133":{"start":{"line":134,"column":0},"end":{"line":134,"column":48}},"134":{"start":{"line":135,"column":0},"end":{"line":135,"column":27}},"135":{"start":{"line":136,"column":0},"end":{"line":136,"column":51}},"136":{"start":{"line":137,"column":0},"end":{"line":137,"column":118}},"137":{"start":{"line":138,"column":0},"end":{"line":138,"column":27}},"138":{"start":{"line":139,"column":0},"end":{"line":139,"column":24}},"139":{"start":{"line":140,"column":0},"end":{"line":140,"column":124}},"140":{"start":{"line":141,"column":0},"end":{"line":141,"column":25}},"141":{"start":{"line":142,"column":0},"end":{"line":142,"column":71}},"142":{"start":{"line":143,"column":0},"end":{"line":143,"column":66}},"143":{"start":{"line":144,"column":0},"end":{"line":144,"column":63}},"144":{"start":{"line":145,"column":0},"end":{"line":145,"column":65}},"145":{"start":{"line":146,"column":0},"end":{"line":146,"column":86}},"146":{"start":{"line":147,"column":0},"end":{"line":147,"column":25}},"147":{"start":{"line":148,"column":0},"end":{"line":148,"column":50}},"148":{"start":{"line":149,"column":0},"end":{"line":149,"column":22}},"149":{"start":{"line":150,"column":0},"end":{"line":150,"column":24}},"150":{"start":{"line":151,"column":0},"end":{"line":151,"column":22}},"152":{"start":{"line":153,"column":0},"end":{"line":153,"column":15}},"153":{"start":{"line":154,"column":0},"end":{"line":154,"column":16}},"156":{"start":{"line":157,"column":0},"end":{"line":157,"column":130}},"157":{"start":{"line":158,"column":0},"end":{"line":158,"column":68}},"158":{"start":{"line":159,"column":0},"end":{"line":159,"column":140}},"159":{"start":{"line":160,"column":0},"end":{"line":160,"column":91}},"160":{"start":{"line":161,"column":0},"end":{"line":161,"column":18}},"161":{"start":{"line":162,"column":0},"end":{"line":162,"column":94}},"162":{"start":{"line":163,"column":0},"end":{"line":163,"column":156}},"163":{"start":{"line":164,"column":0},"end":{"line":164,"column":195}},"164":{"start":{"line":165,"column":0},"end":{"line":165,"column":18}},"165":{"start":{"line":166,"column":0},"end":{"line":166,"column":16}},"166":{"start":{"line":167,"column":0},"end":{"line":167,"column":14}},"169":{"start":{"line":170,"column":0},"end":{"line":170,"column":80}},"170":{"start":{"line":171,"column":0},"end":{"line":171,"column":101}},"171":{"start":{"line":172,"column":0},"end":{"line":172,"column":97}},"173":{"start":{"line":174,"column":0},"end":{"line":174,"column":17}},"174":{"start":{"line":175,"column":0},"end":{"line":175,"column":114}},"175":{"start":{"line":176,"column":0},"end":{"line":176,"column":16}},"177":{"start":{"line":178,"column":0},"end":{"line":178,"column":37}},"179":{"start":{"line":180,"column":0},"end":{"line":180,"column":125}},"180":{"start":{"line":181,"column":0},"end":{"line":181,"column":59}},"181":{"start":{"line":182,"column":0},"end":{"line":182,"column":61}},"182":{"start":{"line":183,"column":0},"end":{"line":183,"column":21}},"183":{"start":{"line":184,"column":0},"end":{"line":184,"column":94}},"184":{"start":{"line":185,"column":0},"end":{"line":185,"column":83}},"185":{"start":{"line":186,"column":0},"end":{"line":186,"column":22}},"186":{"start":{"line":187,"column":0},"end":{"line":187,"column":20}},"187":{"start":{"line":188,"column":0},"end":{"line":188,"column":42}},"188":{"start":{"line":189,"column":0},"end":{"line":189,"column":96}},"189":{"start":{"line":190,"column":0},"end":{"line":190,"column":80}},"190":{"start":{"line":191,"column":0},"end":{"line":191,"column":20}},"191":{"start":{"line":192,"column":0},"end":{"line":192,"column":18}},"194":{"start":{"line":195,"column":0},"end":{"line":195,"column":125}},"195":{"start":{"line":196,"column":0},"end":{"line":196,"column":59}},"196":{"start":{"line":197,"column":0},"end":{"line":197,"column":65}},"197":{"start":{"line":198,"column":0},"end":{"line":198,"column":21}},"198":{"start":{"line":199,"column":0},"end":{"line":199,"column":92}},"199":{"start":{"line":200,"column":0},"end":{"line":200,"column":79}},"200":{"start":{"line":201,"column":0},"end":{"line":201,"column":22}},"201":{"start":{"line":202,"column":0},"end":{"line":202,"column":20}},"202":{"start":{"line":203,"column":0},"end":{"line":203,"column":42}},"203":{"start":{"line":204,"column":0},"end":{"line":204,"column":88}},"204":{"start":{"line":205,"column":0},"end":{"line":205,"column":82}},"205":{"start":{"line":206,"column":0},"end":{"line":206,"column":20}},"206":{"start":{"line":207,"column":0},"end":{"line":207,"column":18}},"209":{"start":{"line":210,"column":0},"end":{"line":210,"column":125}},"210":{"start":{"line":211,"column":0},"end":{"line":211,"column":59}},"211":{"start":{"line":212,"column":0},"end":{"line":212,"column":61}},"212":{"start":{"line":213,"column":0},"end":{"line":213,"column":21}},"213":{"start":{"line":214,"column":0},"end":{"line":214,"column":94}},"214":{"start":{"line":215,"column":0},"end":{"line":215,"column":82}},"215":{"start":{"line":216,"column":0},"end":{"line":216,"column":22}},"216":{"start":{"line":217,"column":0},"end":{"line":217,"column":20}},"217":{"start":{"line":218,"column":0},"end":{"line":218,"column":42}},"218":{"start":{"line":219,"column":0},"end":{"line":219,"column":108}},"219":{"start":{"line":220,"column":0},"end":{"line":220,"column":92}},"220":{"start":{"line":221,"column":0},"end":{"line":221,"column":20}},"221":{"start":{"line":222,"column":0},"end":{"line":222,"column":18}},"222":{"start":{"line":223,"column":0},"end":{"line":223,"column":16}},"225":{"start":{"line":226,"column":0},"end":{"line":226,"column":87}},"226":{"start":{"line":227,"column":0},"end":{"line":227,"column":88}},"227":{"start":{"line":228,"column":0},"end":{"line":228,"column":49}},"228":{"start":{"line":229,"column":0},"end":{"line":229,"column":50}},"229":{"start":{"line":230,"column":0},"end":{"line":230,"column":18}},"230":{"start":{"line":231,"column":0},"end":{"line":231,"column":79}},"232":{"start":{"line":233,"column":0},"end":{"line":233,"column":16}},"233":{"start":{"line":234,"column":0},"end":{"line":234,"column":190}},"235":{"start":{"line":236,"column":0},"end":{"line":236,"column":21}},"236":{"start":{"line":237,"column":0},"end":{"line":237,"column":16}},"237":{"start":{"line":238,"column":0},"end":{"line":238,"column":14}},"238":{"start":{"line":239,"column":0},"end":{"line":239,"column":12}},"241":{"start":{"line":242,"column":0},"end":{"line":242,"column":78}},"242":{"start":{"line":243,"column":0},"end":{"line":243,"column":99}},"243":{"start":{"line":244,"column":0},"end":{"line":244,"column":55}},"244":{"start":{"line":245,"column":0},"end":{"line":245,"column":62}},"245":{"start":{"line":246,"column":0},"end":{"line":246,"column":97}},"247":{"start":{"line":248,"column":0},"end":{"line":248,"column":17}},"248":{"start":{"line":249,"column":0},"end":{"line":249,"column":16}},"249":{"start":{"line":250,"column":0},"end":{"line":250,"column":59}},"250":{"start":{"line":251,"column":0},"end":{"line":251,"column":58}},"251":{"start":{"line":252,"column":0},"end":{"line":252,"column":17}},"252":{"start":{"line":253,"column":0},"end":{"line":253,"column":14}},"254":{"start":{"line":255,"column":0},"end":{"line":255,"column":41}},"255":{"start":{"line":256,"column":0},"end":{"line":256,"column":80}},"256":{"start":{"line":257,"column":0},"end":{"line":257,"column":19}},"257":{"start":{"line":258,"column":0},"end":{"line":258,"column":137}},"258":{"start":{"line":259,"column":0},"end":{"line":259,"column":49}},"259":{"start":{"line":260,"column":0},"end":{"line":260,"column":50}},"260":{"start":{"line":261,"column":0},"end":{"line":261,"column":46}},"261":{"start":{"line":262,"column":0},"end":{"line":262,"column":54}},"262":{"start":{"line":263,"column":0},"end":{"line":263,"column":58}},"263":{"start":{"line":264,"column":0},"end":{"line":264,"column":47}},"264":{"start":{"line":265,"column":0},"end":{"line":265,"column":58}},"265":{"start":{"line":266,"column":0},"end":{"line":266,"column":19}},"266":{"start":{"line":267,"column":0},"end":{"line":267,"column":20}},"267":{"start":{"line":268,"column":0},"end":{"line":268,"column":66}},"268":{"start":{"line":269,"column":0},"end":{"line":269,"column":44}},"269":{"start":{"line":270,"column":0},"end":{"line":270,"column":97}},"270":{"start":{"line":271,"column":0},"end":{"line":271,"column":76}},"271":{"start":{"line":272,"column":0},"end":{"line":272,"column":85}},"272":{"start":{"line":273,"column":0},"end":{"line":273,"column":38}},"273":{"start":{"line":274,"column":0},"end":{"line":274,"column":96}},"274":{"start":{"line":275,"column":0},"end":{"line":275,"column":96}},"275":{"start":{"line":276,"column":0},"end":{"line":276,"column":101}},"276":{"start":{"line":277,"column":0},"end":{"line":277,"column":65}},"277":{"start":{"line":278,"column":0},"end":{"line":278,"column":24}},"278":{"start":{"line":279,"column":0},"end":{"line":279,"column":35}},"279":{"start":{"line":280,"column":0},"end":{"line":280,"column":27}},"280":{"start":{"line":281,"column":0},"end":{"line":281,"column":23}},"281":{"start":{"line":282,"column":0},"end":{"line":282,"column":87}},"282":{"start":{"line":283,"column":0},"end":{"line":283,"column":100}},"283":{"start":{"line":284,"column":0},"end":{"line":284,"column":38}},"284":{"start":{"line":285,"column":0},"end":{"line":285,"column":142}},"285":{"start":{"line":286,"column":0},"end":{"line":286,"column":36}},"286":{"start":{"line":287,"column":0},"end":{"line":287,"column":27}},"287":{"start":{"line":288,"column":0},"end":{"line":288,"column":23}},"288":{"start":{"line":289,"column":0},"end":{"line":289,"column":49}},"289":{"start":{"line":290,"column":0},"end":{"line":290,"column":50}},"290":{"start":{"line":291,"column":0},"end":{"line":291,"column":29}},"291":{"start":{"line":292,"column":0},"end":{"line":292,"column":66}},"292":{"start":{"line":293,"column":0},"end":{"line":293,"column":194}},"293":{"start":{"line":294,"column":0},"end":{"line":294,"column":23}},"295":{"start":{"line":296,"column":0},"end":{"line":296,"column":31}},"297":{"start":{"line":298,"column":0},"end":{"line":298,"column":93}},"299":{"start":{"line":300,"column":0},"end":{"line":300,"column":23}},"300":{"start":{"line":301,"column":0},"end":{"line":301,"column":21}},"301":{"start":{"line":302,"column":0},"end":{"line":302,"column":17}},"302":{"start":{"line":303,"column":0},"end":{"line":303,"column":20}},"303":{"start":{"line":304,"column":0},"end":{"line":304,"column":18}},"304":{"start":{"line":305,"column":0},"end":{"line":305,"column":14}},"305":{"start":{"line":306,"column":0},"end":{"line":306,"column":12}},"306":{"start":{"line":307,"column":0},"end":{"line":307,"column":10}},"308":{"start":{"line":309,"column":0},"end":{"line":309,"column":2}}},"s":{"1":1,"2":1,"17":1,"18":2,"19":2,"20":2,"21":2,"22":2,"23":2,"24":2,"25":2,"26":2,"27":2,"28":2,"29":2,"30":2,"31":2,"32":2,"34":2,"35":2,"37":2,"39":2,"40":2,"41":2,"42":2,"43":2,"44":2,"45":2,"46":2,"47":2,"48":2,"49":2,"50":2,"51":2,"52":2,"53":2,"54":2,"57":2,"58":2,"59":2,"60":2,"61":2,"62":2,"63":2,"64":2,"65":2,"66":2,"67":2,"68":2,"69":2,"70":2,"71":2,"72":2,"73":2,"76":2,"77":2,"78":2,"79":2,"80":2,"81":2,"82":2,"83":2,"84":2,"85":2,"86":2,"87":2,"88":2,"89":2,"92":2,"93":2,"94":2,"95":2,"96":2,"97":2,"98":2,"99":2,"100":2,"101":2,"102":2,"103":2,"104":2,"105":2,"106":2,"109":2,"111":2,"112":2,"113":2,"114":2,"116":2,"117":2,"118":2,"119":2,"121":2,"122":2,"125":2,"126":2,"127":8,"128":8,"129":8,"130":8,"131":8,"132":8,"133":8,"134":8,"135":8,"136":8,"137":8,"138":8,"139":8,"140":8,"141":8,"142":8,"143":6,"144":4,"145":2,"146":8,"147":8,"148":8,"149":8,"150":8,"152":2,"153":2,"156":2,"157":2,"158":2,"159":2,"160":2,"161":2,"162":2,"163":2,"164":2,"165":2,"166":2,"169":2,"170":2,"171":2,"173":2,"174":2,"175":2,"177":2,"179":2,"180":2,"181":2,"182":2,"183":2,"184":2,"185":2,"186":2,"187":2,"188":2,"189":2,"190":2,"191":2,"194":2,"195":2,"196":2,"197":2,"198":2,"199":2,"200":2,"201":2,"202":2,"203":2,"204":2,"205":2,"206":2,"209":2,"210":2,"211":2,"212":2,"213":2,"214":2,"215":2,"216":2,"217":2,"218":2,"219":2,"220":2,"221":2,"222":2,"225":2,"226":2,"227":2,"228":2,"229":2,"230":2,"232":2,"233":2,"235":2,"236":2,"237":2,"238":2,"241":2,"242":2,"243":2,"244":2,"245":2,"247":2,"248":2,"249":2,"250":2,"251":2,"252":2,"254":2,"255":2,"256":2,"257":2,"258":2,"259":2,"260":2,"261":2,"262":2,"263":2,"264":2,"265":2,"266":2,"267":2,"268":2,"269":4,"270":4,"271":4,"272":4,"273":4,"274":4,"275":2,"276":0,"277":4,"278":4,"279":4,"280":4,"281":4,"282":4,"283":4,"284":4,"285":4,"286":4,"287":4,"28
[...]
t":{"line":232,"column":0},"end":{"line":232,"column":94}},"232":{"start":{"line":233,"column":0},"end":{"line":233,"column":97}},"233":{"start":{"line":234,"column":0},"end":{"line":234,"column":121}},"234":{"start":{"line":235,"column":0},"end":{"line":235,"column":23}},"235":{"start":{"line":236,"column":0},"end":{"line":236,"column":82}},"236":{"start":{"line":237,"column":0},"end":{"line":237,"column":9}},"237":{"start":{"line":238,"column":0},"end":{"line":238,"column":8}},"239":{"start":{"line":240,"column":0},"end":{"line":240,"column":31}},"240":{"start":{"line":241,"column":0},"end":{"line":241,"column":59}},"241":{"start":{"line":242,"column":0},"end":{"line":242,"column":8}},"243":{"start":{"line":244,"column":0},"end":{"line":244,"column":26}},"244":{"start":{"line":245,"column":0},"end":{"line":245,"column":53}},"245":{"start":{"line":246,"column":0},"end":{"line":246,"column":8}},"246":{"start":{"line":247,"column":0},"end":{"line":247,"column":6}},"248":{"start":{"line":249,"column":0},"end":{"line":249,"column":14}},"250":{"start":{"line":251,"column":0},"end":{"line":251,"column":18}},"251":{"start":{"line":252,"column":0},"end":{"line":252,"column":15}},"252":{"start":{"line":253,"column":0},"end":{"line":253,"column":19}},"253":{"start":{"line":254,"column":0},"end":{"line":254,"column":7}},"254":{"start":{"line":255,"column":0},"end":{"line":255,"column":29}},"255":{"start":{"line":256,"column":0},"end":{"line":256,"column":39}},"256":{"start":{"line":257,"column":0},"end":{"line":257,"column":7}},"257":{"start":{"line":258,"column":0},"end":{"line":258,"column":6}},"258":{"start":{"line":259,"column":0},"end":{"line":259,"column":9}},"260":{"start":{"line":261,"column":0},"end":{"line":261,"column":10}},"261":{"start":{"line":262,"column":0},"end":{"line":262,"column":30}},"262":{"start":{"line":263,"column":0},"end":{"line":263,"column":14}},"263":{"start":{"line":264,"column":0},"end":{"line":264,"column":18}},"264":{"start":{"line":265,"column":0},"end":{"line":265,"column":21}},"265":{"start":{"line":266,"column":0},"end":{"line":266,"column":18}},"266":{"start":{"line":267,"column":0},"end":{"line":267,"column":20}},"267":{"start":{"line":268,"column":0},"end":{"line":268,"column":24}},"268":{"start":{"line":269,"column":0},"end":{"line":269,"column":21}},"269":{"start":{"line":270,"column":0},"end":{"line":270,"column":19}},"270":{"start":{"line":271,"column":0},"end":{"line":271,"column":27}},"271":{"start":{"line":272,"column":0},"end":{"line":272,"column":33}},"272":{"start":{"line":273,"column":0},"end":{"line":273,"column":22}},"273":{"start":{"line":274,"column":0},"end":{"line":274,"column":26}},"274":{"start":{"line":275,"column":0},"end":{"line":275,"column":24}},"275":{"start":{"line":276,"column":0},"end":{"line":276,"column":25}},"276":{"start":{"line":277,"column":0},"end":{"line":277,"column":18}},"277":{"start":{"line":278,"column":0},"end":{"line":278,"column":23}},"278":{"start":{"line":279,"column":0},"end":{"line":279,"column":21}},"279":{"start":{"line":280,"column":0},"end":{"line":280,"column":25}},"280":{"start":{"line":281,"column":0},"end":{"line":281,"column":22}},"281":{"start":{"line":282,"column":0},"end":{"line":282,"column":20}},"282":{"start":{"line":283,"column":0},"end":{"line":283,"column":22}},"283":{"start":{"line":284,"column":0},"end":{"line":284,"column":20}},"284":{"start":{"line":285,"column":0},"end":{"line":285,"column":24}},"285":{"start":{"line":286,"column":0},"end":{"line":286,"column":21}},"286":{"start":{"line":287,"column":0},"end":{"line":287,"column":19}},"287":{"start":{"line":288,"column":0},"end":{"line":288,"column":25}},"288":{"start":{"line":289,"column":0},"end":{"line":289,"column":25}},"289":{"start":{"line":290,"column":0},"end":{"line":290,"column":21}},"290":{"start":{"line":291,"column":0},"end":{"line":291,"column":22}},"291":{"start":{"line":292,"column":0},"end":{"line":292,"column":24}},"292":{"start":{"line":293,"column":0},"end":{"line":293,"column":30}},"293":{"start":{"line":294,"column":0},"end":{"line":294,"column":23}},"294":{"start":{"line":295,"column":0},"end":{"line":295,"column":24}},"295":{"start":{"line":296,"column":0},"end":{"line":296,"column":32}},"296":{"start":{"line":297,"column":0},"end":{"line":297,"column":32}},"297":{"start":{"line":298,"column":0},"end":{"line":298,"column":20}},"298":{"start":{"line":299,"column":0},"end":{"line":299,"column":23}},"299":{"start":{"line":300,"column":0},"end":{"line":300,"column":8}},"301":{"start":{"line":302,"column":0},"end":{"line":302,"column":16}},"302":{"start":{"line":303,"column":0},"end":{"line":303,"column":32}},"304":{"start":{"line":305,"column":0},"end":{"line":305,"column":2}},"306":{"start":{"line":307,"column":0},"end":{"line":307,"column":35}},"307":{"start":{"line":308,"column":0},"end":{"line":308,"column":47}},"308":{"start":{"line":309,"column":0},"end":{"line":309,"column":17}},"309":{"start":{"line":310,"column":0},"end":{"line":310,"column":76}},"310":{"start":{"line":311,"column":0},"end":{"line":311,"column":3}},"311":{"start":{"line":312,"column":0},"end":{"line":312,"column":17}},"312":{"start":{"line":313,"column":0},"end":{"line":313,"column":2}}},"s":{"0":1,"55":1,"57":1,"59":1,"60":26,"61":26,"62":17,"63":17,"64":26,"65":26,"68":26,"69":26,"70":26,"71":26,"72":26,"73":26,"74":26,"75":26,"76":26,"77":26,"78":26,"81":26,"82":26,"83":26,"84":26,"85":26,"86":26,"87":26,"88":26,"89":26,"90":26,"91":26,"92":26,"93":26,"94":26,"95":26,"96":26,"97":26,"98":26,"99":26,"102":26,"103":26,"104":26,"105":26,"106":26,"107":26,"108":26,"109":26,"110":26,"111":26,"112":26,"113":26,"114":26,"115":26,"116":26,"117":26,"120":26,"121":26,"122":26,"123":26,"124":26,"125":26,"126":26,"129":26,"130":26,"131":26,"132":26,"133":26,"134":26,"135":26,"138":26,"139":26,"140":26,"141":26,"142":26,"143":26,"144":26,"145":26,"146":26,"147":26,"148":26,"151":26,"152":26,"153":26,"154":26,"155":26,"156":26,"157":26,"158":26,"159":26,"160":26,"161":26,"162":26,"165":26,"166":19,"167":19,"168":17,"169":17,"170":19,"171":2,"172":2,"173":19,"174":26,"176":26,"177":2,"178":2,"180":26,"181":2,"182":2,"184":26,"185":1,"186":1,"188":26,"189":1,"190":1,"193":26,"194":17,"195":17,"197":17,"198":17,"200":17,"201":1,"202":1,"205":1,"207":1,"208":1,"209":1,"210":1,"211":1,"212":1,"213":1,"214":1,"215":1,"216":1,"217":1,"218":1,"219":1,"220":1,"221":1,"222":1,"223":1,"224":1,"225":1,"226":1,"227":1,"228":1,"229":1,"230":1,"231":1,"232":1,"233":1,"234":1,"235":0,"236":0,"237":1,"239":17,"240":0,"241":0,"243":17,"244":17,"245":17,"246":17,"248":17,"250":17,"251":17,"252":17,"253":17,"254":17,"255":17,"256":17,"257":17,"258":26,"260":26,"261":26,"262":26,"263":26,"264":26,"265":26,"266":26,"267":26,"268":26,"269":26,"270":26,"271":26,"272":26,"273":26,"274":26,"275":26,"276":26,"277":26,"278":26,"279":26,"280":26,"281":26,"282":26,"283":26,"284":26,"285":26,"286":26,"287":26,"288":26,"289":26,"290":26,"291":26,"292":26,"293":26,"294":26,"295":26,"296":26,"297":26,"298":26,"299":26,"301":26,"302":26,"304":26,"306":1,"307":29,"308":29,"309":0,"310":0,"311":29,"312":29},"branchMap":{"0":{"type":"branch","line":60,"loc":{"start":{"line":60,"column":74},"end":{"line":305,"column":2}},"locations":[{"start":{"line":60,"column":74},"end":{"line":305,"column":2}}]},"1":{"type":"branch","line":62,"loc":{"start":{"line":62,"column":56},"end":{"line":65,"column":3}},"locations":[{"start":{"line":62,"column":56},"end":{"line":65,"column":3}}]},"2":{"type":"branch","line":64,"loc":{"start":{"line":64,"column":43},"end":{"line":64,"column":61}},"locations":[{"start":{"line":64,"column":43},"end":{"line":64,"column":61}}]},"3":{"type":"branch","line":166,"loc":{"start":{"line":166,"column":12},"end":{"line":175,"column":5}},"locations":[{"start":{"line":166,"column":12},"end":{"line":175,"column":5}}]},"4":{"type":"branch","line":168,"loc":{"start":{"line":168,"column":30},"end":{"line":171,"column":11}},"locations":[{"start":{"line":168,"column":30},"end":{"line":171,"column":11}}]},"5":{"type":"branch","line":171,"loc":{"start":{"line":171,"column":4},"end":{"line":173,"column":5}},"locations":[{"start":{"line":171,"column":4},"end":{"line":173,"column":5}}]},"6":{"type":"branch","line":177,"loc":{"start":{"line":177,"column":22},"end":{"line":179,"column":4}},"locations":[{"start":{"line":177,"column":22},"end":{"line":179,"column":4}}]},"7":{"type":"branch","line":178,"loc":{"start":{"line":178,"column":17},"end":{"line":178,"column":61}},"locations":[{"start":{"line":178,"column":17},"end":{"line":178,"column":61}}]},"8":{"type":"branch","line":178,"loc":{"start":{"line":178,"column":44},"end":{"line":178,"column":61}},"locations":[{"start":{"line":178,"column":44},"end":{"line":178,"column":61}}]},"9":{"type":"branch","line":181,"loc":{"start":{"line":181,"column":34},"end":{"line":183,"column":4}},"locations":[{"start":{"line":181,"column":34},"end":{"line":183,"column":4}}]},"10":{"type":"branch","line":182,"loc":{"start":{"line":182,"column":31},"end":{"line":182,"column":44}},"locations":[{"start":{"line":182,"column":31},"end":{"line":182,"column":44}}]},"11":{"type":"branch","line":185,"loc":{"start":{"line":185,"column":27},"end":{"line":187,"column":4}},"locations":[{"start":{"line":185,"column":27},"end":{"line":187,"column":4}}]},"12":{"type":"branch","line":186,"loc":{"start":{"line":186,"column":18},"end":{"line":186,"column":103}},"locations":[{"start":{"line":186,"column":18},"end":{"line":186,"column":103}}]},"13":{"type":"branch","line":186,"loc":{"start":{"line":186,"column":47},"end":{"line":186,"column":103}},"locations":[{"start":{"line":186,"column":47},"end":{"line":186,"column":103}}]},"14":{"type":"branch","line":189,"loc":{"start":{"line":189,"column":27},"end":{"line":191,"column":4}},"locations":[{"start":{"line":189,"column":27},"end":{"line":191,"column":4}}]},"15":{"type":"branch","line":190,"loc":{"start":{"line":190,"column":20},"end":{"line":190,"column":89}},"locations":[{"start":{"line":190,"column":20},"end":{"line":190,"column":89}}]},"16":{"type":"branch","line":190,"loc":{"start":{"line":190,"column":37},"end":{"line":190,"column":88}},"locations":[{"start":{"line":190,"column":37},"end":{"line":190,"column":88}}]},"17":{"type":"branch","line":190,"loc":{"start":{"line":190,"column":51},"end":{"line":190,"column":87}},"locations":[{"start":{"line":190,"column":51},"end":{"line":190,"column":87}}]},"18":{"type":"branch","line":190,"loc":{"start":{"line":190,"column":83},"end":{"line":190,"column":88}},"locations":[{"start":{"line":190,"column":83},"end":{"line":190,"column":88}}]},"19":{"type":"branch","line":194,"loc":{"start":{"line":194,"column":12},"end":{"line":259,"column":5}},"locations":[{"start":{"line":194,"column":12},"end":{"line":259,"column":5}}]},"20":{"type":"branch","line":198,"loc":{"start":{"line":198,"column":20},"end":{"line":247,"column":6}},"locations":[{"start":{"line":198,"column":20},"end":{"line":247,"column":6}}]},"21":{"type":"branch","line":201,"loc":{"start":{"line":201,"column":21},"end":{"line":238,"column":8}},"locations":[{"start":{"line":201,"column":21},"end":{"line":238,"column":8}}]},"22":{"type":"branch","line":206,"loc":{"start":{"line":206,"column":31},"end":{"line":206,"column":44}},"locations":[{"start":{"line":206,"column":31},"end":{"line":206,"column":44}}]},"23":{"type":"branch","line":210,"loc":{"start":{"line":210,"column":48},"end":{"line":210,"column":82}},"locations":[{"start":{"line":210,"column":48},"end":{"line":210,"column":82}}]},"24":{"type":"branch","line":211,"loc":{"start":{"line":211,"column":56},"end":{"line":211,"column":106}},"locations":[{"start":{"line":211,"column":56},"end":{"line":211,"column":106}}]},"25":{"type":"branch","line":212,"loc":{"start":{"line":212,"column":62},"end":{"line":212,"column":124}},"locations":[{"start":{"line":212,"column":62},"end":{"line":212,"column":124}}]},"26":{"type":"branch","line":213,"loc":{"start":{"line":213,"column":51},"end":{"line":213,"column":91}},"locations":[{"start":{"line":213,"column":51},"end":{"line":213,"column":91}}]},"27":{"type":"branch","line":214,"loc":{"start":{"line":214,"column":55},"end":{"line":214,"column":103}},"locations":[{"start":{"line":214,"column":55},"end":{"line":214,"column":103}}]},"28":{"type":"branch","line":215,"loc":{"start":{"line":215,"column":53},"end":{"line":215,"column":97}},"locations":[{"start":{"line":215,"column":53},"end":{"line":215,"column":97}}]},"29":{"type":"branch","line":216,"loc":{"start":{"line":216,"column":54},"end":{"line":216,"column":100}},"locations":[{"start":{"line":216,"column":54},"end":{"line":216,"column":100}}]},"30":{"type":"branch","line":217,"loc":{"start":{"line":217,"column":47},"end":{"line":217,"column":79}},"locations":[{"start":{"line":217,"column":47},"end":{"line":217,"column":79}}]},"31":{"type":"branch","line":218,"loc":{"start":{"line":218,"column":52},"end":{"line":218,"column":94}},"locations":[{"start":{"line":218,"column":52},"end":{"line":218,"column":94}}]},"32":{"type":"branch","line":219,"loc":{"start":{"line":219,"column":50},"end":{"line":219,"column":88}},"locations":[{"start":{"line":219,"column":50},"end":{"line":219,"column":88}}]},"33":{"type":"branch","line":220,"loc":{"start":{"line":220,"column":51},"end":{"line":220,"column":91}},"locations":[{"start":{"line":220,"column":51},"end":{"line":220,"column":91}}]},"34":{"type":"branch","line":221,"loc":{"start":{"line":221,"column":49},"end":{"line":221,"column":85}},"locations":[{"start":{"line":221,"column":49},"end":{"line":221,"column":85}}]},"35":{"type":"branch","line":222,"loc":{"start":{"line":222,"column":51},"end":{"line":222,"column":91}},"locations":[{"start":{"line":222,"column":51},"end":{"line":222,"column":91}}]},"36":{"type":"branch","line":223,"loc":{"start":{"line":223,"column":49},"end":{"line":223,"column":85}},"locations":[{"start":{"line":223,"column":49},"end":{"line":223,"column":85}}]},"37":{"type":"branch","line":224,"loc":{"start":{"line":224,"column":53},"end":{"line":224,"column":97}},"locations":[{"start":{"line":224,"column":53},"end":{"line":224,"column":97}}]},"38":{"type":"branch","line":225,"loc":{"start":{"line":225,"column":50},"end":{"line":225,"column":88}},"locations":[{"start":{"line":225,"column":50},"end":{"line":225,"column":88}}]},"39":{"type":"branch","line":226,"loc":{"start":{"line":226,"column":48},"end":{"line":226,"column":82}},"locations":[{"start":{"line":226,"column":48},"end":{"line":226,"column":82}}]},"40":{"type":"branch","line":227,"loc":{"start":{"line":227,"column":54},"end":{"line":227,"column":100}},"locations":[{"start":{"line":227,"column":54},"end":{"line":227,"column":100}}]},"41":{"type":"branch","line":228,"loc":{"start":{"line":228,"column":50},"end":{"line":228,"column":88}},"locations":[{"start":{"line":228,"column":50},"end":{"line":228,"column":88}}]},"42":{"type":"branch","line":229,"loc":{"start":{"line":229,"column":51},"end":{"line":229,"column":91}},"locations":[{"start":{"line":229,"column":51},"end":{"line":229,"column":91}}]},"43":{"type":"branch","line":230,"loc":{"start":{"line":230,"column":53},"end":{"line":230,"column":97}},"locations":[{"start":{"line":230,"column":53},"end":{"line":230,"column":97}}]},"44":{"type":"branch","line":231,"loc":{"start":{"line":231,"column":59},"end":{"line":231,"column":115}},"locations":[{"start":{"line":231,"column":59},"end":{"line":231,"column":115}}]},"45":{"type":"branch","line":232,"loc":{"start":{"line":232,"column":52},"end":{"line":232,"column":94}},"locations":[{"start":{"line":232,"column":52},"end":{"line":232,"column":94}}]},"46":{"type":"branch","line":233,"loc":{"start":{"line":233,"column":53},"end":{"line":233,"column":97}},"locations":[{"start":{"line":233,"column":53},"end":{"line":233,"column":97}}]},"47":{"type":"branch","line":234,"loc":{"start":{"line":234,"column":61},"end":{"line":234,"column":121}},"locations":[{"start":{"line":234,"column":61},"end":{"line":234,"column":121}}]},"48":{"type":"branch","line":235,"loc":{"start":{"line":235,"column":8},"end":{"line":237,"column":9}},"locations":[{"start":{"line":235,"column":8},"end":{"line":237,"column":9}}]},"49":{"type":"branch","line":244,"loc":{"start":{"line":244,"column":19},"end":{"line":246,"column":8}},"locations":[{"start":{"line":244,"column":19},"end":{"line":246,"column":8}}]},"50":{"type":"branch","line":251,"loc":{"start":{"line":251,"column":11},"end":{"line":258,"column":6}},"locations":[{"start":{"line":251,"column":11},"end":{"line":258,"column":6}}]},"51":{"type":"branch","line":307,"loc":{"start":{"line":307,"column":28},"end":{"line":313,"column":2}},"locations":[{"start":{"line":307,"column":28},"end":{"line":313,"column":2}}]},"52":{"type":"branch","line":309,"loc":{"start":{"line":309,"column":16},"end":{"line":311,"column":3}},"locations":[{"start":{"line":309,"column":16},"end":{"line":311,"column":3}}]}},"b":{"0":[26],"1":[17],"2":[0],"3":[19],"4":[17],"5":[2],"6":[2],"7":[2],"8":[0],"9":[2],"10":[2],"11":[1],"12":[1],"13":[0],"14":[1],"15":[1],"16":[2],"17":[1],"18":[1],"19":[17],"20":[17],"21":[1],"22":[0],"23":[0],"24":[0],"25":[0],"26":[0],"27":[0],"28":[0],"29":[0],"30":[0],"31":[0],"32":[0],"33":[0],"34":[0],"35":[0],"36":[0],"37":[0],"38":[0],"39":[0],"40":[0],"41":[0],"42":[0],"43":[0],"44":[0],"45":[0],"46":[0],"47":[0],"48":[0],"49":[17],"50":[17],"51":[29],"52":[0]},"fnMap":{"0":{"name":"TelemetryProvider","decl":{"start":{"line":60,"column":74},"end":{"line":305,"column":2}},"loc":{"start":{"line":60,"column":74},"end":{"line":305,"column":2}},"line":60},"1":{"name":"toggleTheme","decl":{"start":{"line":177,"column":22},"end":{"line":179,"column":4}},"loc":{"start":{"line":177,"column":22},"end":{"line":179,"column":4}},"line":177},"2":{"name":"toggleEmergencyOverride","decl":{"start":{"line":181,"column":34},"end":{"line":183,"column":4}},"loc":{"start":{"line":181,"column":34},"end":{"line":183,"column":4}},"line":181},"3":{"name":"toggleLineStatus","decl":{"start":{"line":185,"column":27},"end":{"line":187,"column":4}},"loc":{"start":{"line":185,"column":27},"end":{"line":187,"column":4}},"line":185},"4":{"name":"acknowledgeAlert","decl":{"start":{"line":189,"column":27},"end":{"line":191,"column":4}},"loc":{"start":{"line":189,"column":27},"end":{"line":191,"column":4}},"line":189},"5":{"name":"connect","decl":{"start":{"line":198,"column":20},"end":{"line":247,"column":6}},"loc":{"start":{"line":198,"column":20},"end":{"line":247,"column":6}},"line":198},"6":{"name":"ws.onmessage","decl":{"start":{"line":201,"column":21},"end":{"line":238,"column":8}},"loc":{"start":{"line":201,"column":21},"end":{"line":238,"column":8}},"line":201},"7":{"name":"ws.onerror","decl":{"start":{"line":240,"column":19},"end":{"line":242,"column":8}},"loc":{"start":{"line":240,"column":19},"end":{"line":242,"column":8}},"line":240},"8":{"name":"ws.onclose","decl":{"start":{"line":244,"column":19},"end":{"line":246,"column":8}},"loc":{"start":{"line":244,"column":19},"end":{"line":246,"column":8}},"line":244},"9":{"name":"useTelemetry","decl":{"start":{"line":307,"column":28},"end":{"line":313,"column":2}},"loc":{"start":{"line":307,"column":28},"end":{"line":313,"column":2}},"line":307}},"f":{"0":26,"1":2,"2":2,"3":1,"4":1,"5":17,"6":1,"7":0,"8":17,"9":29}}
,"/Users/rithvick/Desktop/stitch_greenpulse_smart_city_dashboard/src/types/dashboard.ts": {"path":"/Users/rithvick/Desktop/stitch_greenpulse_smart_city_dashboard/src/types/dashboard.ts","all":true,"statementMap":{},"s":{},"branchMap":{"0":{"type":"branch","line":1,"loc":{"start":{"line":1,"column":2201},"end":{"line":95,"column":1}},"locations":[{"start":{"line":1,"column":2201},"end":{"line":95,"column":1}}]}},"b":{"0":[1]},"fnMap":{"0":{"name":"(empty-report)","decl":{"start":{"line":1,"column":2201},"end":{"line":95,"column":1}},"loc":{"start":{"line":1,"column":2201},"end":{"line":95,"column":1}},"line":1}},"f":{"0":1}}
}
